#-----------------------------------------------------------
# Vivado v2019.1 (64-bit)
# SW Build 2552052 on Fri May 24 14:49:42 MDT 2019
# IP Build 2548770 on Fri May 24 18:01:18 MDT 2019
# Start of session at: Wed Dec  2 11:03:23 2020
# Process ID: 5192
# Current directory: U:/hlocal/TOC/TRAGAPERRAS
# Command line: vivado.exe -gui_launcher_event rodinguilauncherevent4284 U:\hlocal\TOC\TRAGAPERRAS\PR3_Tragaperras.xpr
# Log file: U:/hlocal/TOC/TRAGAPERRAS/vivado.log
# Journal file: U:/hlocal/TOC/TRAGAPERRAS\vivado.jou
#-----------------------------------------------------------
start_gui
oopen_project U:/hlocal/TOC/TRAGAPERRAS/PR3_Tragaperras.xprINFO: [Project 1-313] Project file moved from 'C:/hlocal/TRAGAPERRAS' since last save.
Scanning sources...
Finished scanning sources
INFO: [IP_Flow 19-2exit
INFO: [Common 17-206] Exiting Vivado at Wed Dec  2 11:03:57 2020...
ories specified
INFO: [IP_Flow 19-2313] Loaded Vivado IP repository 'C:/software/electronica/xilinx/Vivado/2019.1/data/ip'.
open_project: Time (s): cpu = 00:00:11 ; elapsed = 00:00:20 . Memory (MB): peak = 865.117 ; gain = 209.840
update_compile_order -fileset sources_1
reset_run synth_1
launch_runs synth_1 -jobs 4
[Wed Dec  2 11:04:26 2020] Launched synth_1...
Run output will be captured here: U:/hlocal/TOC/TRAGAPERRAS/PR3_Tragaperras.runs/synth_1/runme.log
launch_runs impl_1 -jobs 4
[Wed Dec  2 11:05:09 2020] Launched impl_1...
Run output will be captured here: U:/hlocal/TOC/TRAGAPERRAS/PR3_Tragaperras.runs/impl_1/runme.log
launch_runs impl_1 -to_step write_bitstream -jobs 4
[Wed Dec  2 11:06:06 2020] Launched impl_1...
Run output will be captured here: U:/hlocal/TOC/TRAGAPERRAS/PR3_Tragaperras.runs/impl_1/runme.log
open_hw
connect_hw_server
INFO: [Labtools 27-2285] Connecting to hw_server url TCP:localhost:3121
INFO: [Labtools 27-2222] Launching hw_server...
INFO: [Labtools 27-2221] Launch Output:

****** Xilinx hw_server v2019.1
  **** Build date : May 24 2019 at 15:13:31
    ** Copyright 1986-2019 Xilinx, Inc. All Rights Reserved.


open_hw_target {localhost:3121/xilinx_tcf/Digilent/210183AB447AA}
INFO: [Labtoolstcl 44-466] Opening hw_target localhost:3121/xilinx_tcf/Digilent/210183AB447AA
set_property PROGRAM.FILE {U:/hlocal/TOC/TRAGAPERRAS/PR3_Tragaperras.runs/impl_1/sintesis_tragaperras.bit} [get_hw_devices xc7a35t_0]
current_hw_device [get_hw_devices xc7a35t_0]
refresh_hw_device -update_hw_probes false [lindex [get_hw_devices xc7a35t_0] 0]
INFO: [Labtools 27-1435] Device xc7a35t (JTAG device index = 0) is not programmed (DONE status = 0).
refresh_hw_device [lindex [get_hw_devices xc7a35t_0] 0]
INFO: [Labtools 27-1435] Device xc7a35t (JTAG device index = 0) is not programmed (DONE status = 0).
set_property PROBES.FILE {} [get_hw_devices xc7a35t_0]
set_property FULL_PROBES.FILE {} [get_hw_devices xc7a35t_0]
set_property PROGRAM.FILE {U:/hlocal/TOC/TRAGAPERRAS/PR3_Tragaperras.runs/impl_1/sintesis_tragaperras.bit} [get_hw_devices xc7a35t_0]
program_hw_devices [get_hw_devices xc7a35t_0]
INFO: [Labtools 27-3164] End of startup status: HIGH
refresh_hw_device [lindex [get_hw_devices xc7a35t_0] 0]
INFO: [Labtools 27-1434] Device xc7a35t (JTAG device index = 0) is programmed with a design that has no supported debug core(s) in it.
ERROR: [Labtoolstcl 44-513] HW Target shutdown. Closing target: localhost:3121/xilinx_tcf/Digilent/210183AB447AA
reset_run synth_1
launch_runs synth_1 -jobs 4
[Wed Dec  2 11:27:24 2020] Launched synth_1...
Run output will be captured here: U:/hlocal/TOC/TRAGAPERRAS/PR3_Tragaperras.runs/synth_1/runme.log
reset_run synth_1
launch_runs synth_1 -jobs 4
[Wed Dec  2 11:28:21 2020] Launched synth_1...
Run output will be captured here: U:/hlocal/TOC/TRAGAPERRAS/PR3_Tragaperras.runs/synth_1/runme.log
launch_runs impl_1 -jobs 4
[Wed Dec  2 11:28:56 2020] Launched impl_1...
Run output will be captured here: U:/hlocal/TOC/TRAGAPERRAS/PR3_Tragaperras.runs/impl_1/runme.log
launch_runs impl_1 -to_step write_bitstream -jobs 4
[Wed Dec  2 11:29:51 2020] Launched impl_1...
Run output will be captured here: U:/hlocal/TOC/TRAGAPERRAS/PR3_Tragaperras.runs/impl_1/runme.log
INFO: [Labtoolstcl 44-466] Opening hw_target localhost:3121/xilinx_tcf/Digilent/210183AB447AA
INFO: [Labtools 27-1435] Device xc7a35t (JTAG device index = 0) is not programmed (DONE status = 0).
WARNING: [Labtoolstcl 44-129] No matching hw_ila_data was found.
set_property PROBES.FILE {} [get_hw_devices xc7a35t_0]
set_property FULL_PROBES.FILE {} [get_hw_devices xc7a35t_0]
set_property PROGRAM.FILE {U:/hlocal/TOC/TRAGAPERRAS/PR3_Tragaperras.runs/impl_1/sintesis_tragaperras.bit} [get_hw_devices xc7a35t_0]
program_hw_devices [get_hw_devices xc7a35t_0]
INFO: [Labtools 27-3164] End of startup status: HIGH
refresh_hw_device [lindex [get_hw_devices xc7a35t_0] 0]
INFO: [Labtools 27-1434] Device xc7a35t (JTAG device index = 0) is programmed with a design that has no supported debug core(s) in it.
reset_run synth_1
launch_runs synth_1 -jobs 4
[Wed Dec  2 11:38:40 2020] Launched synth_1...
Run output will be captured here: U:/hlocal/TOC/TRAGAPERRAS/PR3_Tragaperras.runs/synth_1/runme.log
launch_runs impl_1 -jobs 4
[Wed Dec  2 11:39:44 2020] Launched impl_1...
Run output will be captured here: U:/hlocal/TOC/TRAGAPERRAS/PR3_Tragaperras.runs/impl_1/runme.log
launch_runs impl_1 -to_step write_bitstream -jobs 4
[Wed Dec  2 11:41:22 2020] Launched impl_1...
Run output will be captured here: U:/hlocal/TOC/TRAGAPERRAS/PR3_Tragaperras.runs/impl_1/runme.log
set_property PROBES.FILE {} [get_hw_devices xc7a35t_0]
set_property FULL_PROBES.FILE {} [get_hw_devices xc7a35t_0]
set_property PROGRAM.FILE {U:/hlocal/TOC/TRAGAPERRAS/PR3_Tragaperras.runs/impl_1/sintesis_tragaperras.bit} [get_hw_devices xc7a35t_0]
program_hw_devices [get_hw_devices xc7a35t_0]
INFO: [Labtools 27-3164] End of startup status: HIGH
refresh_hw_device [lindex [get_hw_devices xc7a35t_0] 0]
INFO: [Labtools 27-1434] Device xc7a35t (JTAG device index = 0) is programmed with a design that has no supported debug core(s) in it.
ERROR: [Labtoolstcl 44-513] HW Target shutdown. Closing target: localhost:3121/xilinx_tcf/Digilent/210183AB447AA
reset_run synth_1
launch_runs synth_1 -jobs 4
[Wed Dec  2 11:47:38 2020] Launched synth_1...
Run output will be captured here: U:/hlocal/TOC/TRAGAPERRAS/PR3_Tragaperras.runs/synth_1/runme.log
launch_runs impl_1 -jobs 4
[Wed Dec  2 11:48:12 2020] Launched impl_1...
Run output will be captured here: U:/hlocal/TOC/TRAGAPERRAS/PR3_Tragaperras.runs/impl_1/runme.log
reset_run synth_1
launch_runs synth_1 -jobs 4
[Wed Dec  2 11:49:17 2020] Launched synth_1...
Run output will be captured here: U:/hlocal/TOC/TRAGAPERRAS/PR3_Tragaperras.runs/synth_1/runme.log
launch_runs impl_1 -jobs 4
[Wed Dec  2 11:50:02 2020] Launched impl_1...
Run output will be captured here: U:/hlocal/TOC/TRAGAPERRAS/PR3_Tragaperras.runs/impl_1/runme.log
launch_runs impl_1 -to_step write_bitstream -jobs 4
[Wed Dec  2 11:50:54 2020] Launched impl_1...
Run output will be captured here: U:/hlocal/TOC/TRAGAPERRAS/PR3_Tragaperras.runs/impl_1/runme.log
open_run impl_1
INFO: [Device 21-403] Loading part xc7a35tcpg236-1
INFO: [Netlist 29-17] Analyzing 36 Unisim elements for replacement
INFO: [Netlist 29-28] Unisim Transformation completed in 0 CPU seconds
INFO: [Project 1-479] Netlist was created with Vivado 2019.1
INFO: [Project 1-570] Preparing netlist for logic optimization
INFO: [Timing 38-478] Restoring timing data from binary archive.
INFO: [Timing 38-479] Binary timing data restore complete.
INFO: [Project 1-856] Restoring constraints from binary archive.
INFO: [Project 1-853] Binary constraint restore complete.
Reading XDEF placement.
Reading placer database...
Reading XDEF routing.
Read XDEF File: Time (s): cpu = 00:00:00 ; elapsed = 00:00:00.054 . Memory (MB): peak = 2994.766 ; gain = 0.000
Restored from archive | CPU: 0.000000 secs | Memory: 0.000000 MB |
Finished XDEF File Restore: Time (s): cpu = 00:00:00 ; elapsed = 00:00:00.055 . Memory (MB): peak = 2994.766 ; gain = 0.000
Netlist sorting complete. Time (s): cpu = 00:00:00 ; elapsed = 00:00:00 . Memory (MB): peak = 2994.766 ; gain = 0.000
INFO: [Project 1-111] Unisim Transformation Summary:
No Unisim elements were transformed.

open_run: Time (s): cpu = 00:00:22 ; elapsed = 00:00:21 . Memory (MB): peak = 3117.074 ; gain = 1006.105
disconnect_hw_server localhost:3121
connect_hw_server
INFO: [Labtools 27-2285] Connecting to hw_server url TCP:localhost:3121
ERROR: [Labtoolstcl 44-494] There is no active target available for server at localhost.
 Targets(s) ", jsn-Basys3-210183AB447AA" may be locked by another hw_server.
disconnect_hw_server localhost:3121
connect_hw_server
INFO: [Labtools 27-2285] Connecting to hw_server url TCP:localhost:3121
open_hw_target
INFO: [Labtoolstcl 44-466] Opening hw_target localhost:3121/xilinx_tcf/Digilent/210183AB447AA
set_property PROGRAM.FILE {U:/hlocal/TOC/TRAGAPERRAS/PR3_Tragaperras.runs/impl_1/sintesis_tragaperras.bit} [get_hw_devices xc7a35t_0]
current_hw_device [get_hw_devices xc7a35t_0]
refresh_hw_device -update_hw_probes false [lindex [get_hw_devices xc7a35t_0] 0]
INFO: [Labtools 27-1435] Device xc7a35t (JTAG device index = 0) is not programmed (DONE status = 0).
set_property PROBES.FILE {} [get_hw_devices xc7a35t_0]
set_property FULL_PROBES.FILE {} [get_hw_devices xc7a35t_0]
set_property PROGRAM.FILE {U:/hlocal/TOC/TRAGAPERRAS/PR3_Tragaperras.runs/impl_1/sintesis_tragaperras.bit} [get_hw_devices xc7a35t_0]
program_hw_devices [get_hw_devices xc7a35t_0]
INFO: [Labtools 27-3164] End of startup status: HIGH
refresh_hw_device [lindex [get_hw_devices xc7a35t_0] 0]
INFO: [Labtools 27-1434] Device xc7a35t (JTAG device index = 0) is programmed with a design that has no supported debug core(s) in it.
reset_run synth_1
launch_runs synth_1 -jobs 4
[Wed Dec  2 11:53:31 2020] Launched synth_1...
Run output will be captured here: U:/hlocal/TOC/TRAGAPERRAS/PR3_Tragaperras.runs/synth_1/runme.log
launch_runs impl_1 -jobs 4
[Wed Dec  2 11:54:05 2020] Launched impl_1...
Run output will be captured here: U:/hlocal/TOC/TRAGAPERRAS/PR3_Tragaperras.runs/impl_1/runme.log
launch_runs impl_1 -to_step write_bitstream -jobs 4
[Wed Dec  2 11:54:58 2020] Launched impl_1...
Run output will be captured here: U:/hlocal/TOC/TRAGAPERRAS/PR3_Tragaperras.runs/impl_1/runme.log
set_property PROBES.FILE {} [get_hw_devices xc7a35t_0]
set_property FULL_PROBES.FILE {} [get_hw_devices xc7a35t_0]
set_property PROGRAM.FILE {U:/hlocal/TOC/TRAGAPERRAS/PR3_Tragaperras.runs/impl_1/sintesis_tragaperras.bit} [get_hw_devices xc7a35t_0]
program_hw_devices [get_hw_devices xc7a35t_0]
INFO: [Labtools 27-3164] End of startup status: HIGH
refresh_hw_device [lindex [get_hw_devices xc7a35t_0] 0]
INFO: [Labtools 27-1434] Device xc7a35t (JTAG device index = 0) is programmed with a design that has no supported debug core(s) in it.
reset_run synth_1
launch_runs synth_1 -jobs 4
[Wed Dec  2 12:01:00 2020] Launched synth_1...
Run output will be captured here: U:/hlocal/TOC/TRAGAPERRAS/PR3_Tragaperras.runs/synth_1/runme.log
launch_runs impl_1 -jobs 4
[Wed Dec  2 12:01:34 2020] Launched impl_1...
Run output will be captured here: U:/hlocal/TOC/TRAGAPERRAS/PR3_Tragaperras.runs/impl_1/runme.log
launch_runs impl_1 -to_step write_bitstream -jobs 4
[Wed Dec  2 12:02:24 2020] Launched impl_1...
Run output will be captured here: U:/hlocal/TOC/TRAGAPERRAS/PR3_Tragaperras.runs/impl_1/runme.log
set_property PROBES.FILE {} [get_hw_devices xc7a35t_0]
set_property FULL_PROBES.FILE {} [get_hw_devices xc7a35t_0]
set_property PROGRAM.FILE {U:/hlocal/TOC/TRAGAPERRAS/PR3_Tragaperras.runs/impl_1/sintesis_tragaperras.bit} [get_hw_devices xc7a35t_0]
program_hw_devices [get_hw_devices xc7a35t_0]
INFO: [Labtools 27-3164] End of startup status: HIGH
refresh_hw_device [lindex [get_hw_devices xc7a35t_0] 0]
INFO: [Labtools 27-1434] Device xc7a35t (JTAG device index = 0) is programmed with a design that has no supported debug core(s) in it.
reset_run synth_1
launch_runs synth_1 -jobs 4
[Wed Dec  2 12:12:05 2020] Launched synth_1...
Run output will be captured here: U:/hlocal/TOC/TRAGAPERRAS/PR3_Tragaperras.runs/synth_1/runme.log
launch_runs impl_1 -jobs 4
[Wed Dec  2 12:12:38 2020] Launched impl_1...
Run output will be captured here: U:/hlocal/TOC/TRAGAPERRAS/PR3_Tragaperras.runs/impl_1/runme.log
launch_runs impl_1 -to_step write_bitstream -jobs 4
[Wed Dec  2 12:13:28 2020] Launched impl_1...
Run output will be captured here: U:/hlocal/TOC/TRAGAPERRAS/PR3_Tragaperras.runs/impl_1/runme.log
set_property PROBES.FILE {} [get_hw_devices xc7a35t_0]
set_property FULL_PROBES.FILE {} [get_hw_devices xc7a35t_0]
set_property PROGRAM.FILE {U:/hlocal/TOC/TRAGAPERRAS/PR3_Tragaperras.runs/impl_1/sintesis_tragaperras.bit} [get_hw_devices xc7a35t_0]
program_hw_devices [get_hw_devices xc7a35t_0]
INFO: [Labtools 27-3164] End of startup status: HIGH
refresh_hw_device [lindex [get_hw_devices xc7a35t_0] 0]
INFO: [Labtools 27-1434] Device xc7a35t (JTAG device index = 0) is programmed with a design that has no supported debug core(s) in it.
reset_run synth_1
launch_runs synth_1 -jobs 4
[Wed Dec  2 12:19:43 2020] Launched synth_1...
Run output will be captured here: U:/hlocal/TOC/TRAGAPERRAS/PR3_Tragaperras.runs/synth_1/runme.log
launch_runs impl_1 -jobs 4
[Wed Dec  2 12:20:14 2020] Launched impl_1...
Run output will be captured here: U:/hlocal/TOC/TRAGAPERRAS/PR3_Tragaperras.runs/impl_1/runme.log
launch_runs impl_1 -to_step write_bitstream -jobs 4
[Wed Dec  2 12:21:04 2020] Launched impl_1...
Run output will be captured here: U:/hlocal/TOC/TRAGAPERRAS/PR3_Tragaperras.runs/impl_1/runme.log
set_property PROBES.FILE {} [get_hw_devices xc7a35t_0]
set_property FULL_PROBES.FILE {} [get_hw_devices xc7a35t_0]
set_property PROGRAM.FILE {U:/hlocal/TOC/TRAGAPERRAS/PR3_Tragaperras.runs/impl_1/sintesis_tragaperras.bit} [get_hw_devices xc7a35t_0]
program_hw_devices [get_hw_devices xc7a35t_0]
INFO: [Labtools 27-3164] End of startup status: HIGH
refresh_hw_device [lindex [get_hw_devices xc7a35t_0] 0]
INFO: [Labtools 27-1434] Device xc7a35t (JTAG device index = 0) is programmed with a design that has no supported debug core(s) in it.
reset_run synth_1
launch_runs synth_1 -jobs 4
[Wed Dec  2 12:31:20 2020] Launched synth_1...
Run output will be captured here: U:/hlocal/TOC/TRAGAPERRAS/PR3_Tragaperras.runs/synth_1/runme.log
launch_runs impl_1 -jobs 4
[Wed Dec  2 12:31:52 2020] Launched impl_1...
Run output will be captured here: U:/hlocal/TOC/TRAGAPERRAS/PR3_Tragaperras.runs/impl_1/runme.log
launch_runs impl_1 -to_step write_bitstream -jobs 4
[Wed Dec  2 12:32:46 2020] Launched impl_1...
Run output will be captured here: U:/hlocal/TOC/TRAGAPERRAS/PR3_Tragaperras.runs/impl_1/runme.log
set_property PROBES.FILE {} [get_hw_devices xc7a35t_0]
set_property FULL_PROBES.FILE {} [get_hw_devices xc7a35t_0]
set_property PROGRAM.FILE {U:/hlocal/TOC/TRAGAPERRAS/PR3_Tragaperras.runs/impl_1/sintesis_tragaperras.bit} [get_hw_devices xc7a35t_0]
program_hw_devices [get_hw_devices xc7a35t_0]
INFO: [Labtools 27-3164] End of startup status: HIGH
refresh_hw_device [lindex [get_hw_devices xc7a35t_0] 0]
INFO: [Labtools 27-1434] Device xc7a35t (JTAG device index = 0) is programmed with a design that has no supported debug core(s) in it.
reset_run synth_1
launch_runs synth_1 -jobs 4
[Wed Dec  2 12:39:57 2020] Launched synth_1...
Run output will be captured here: U:/hlocal/TOC/TRAGAPERRAS/PR3_Tragaperras.runs/synth_1/runme.log
reset_run synth_1
launch_runs synth_1 -jobs 4
[Wed Dec  2 12:41:13 2020] Launched synth_1...
Run output will be captured here: U:/hlocal/TOC/TRAGAPERRAS/PR3_Tragaperras.runs/synth_1/runme.log
launch_runs impl_1 -jobs 4
[Wed Dec  2 12:41:56 2020] Launched impl_1...
Run output will be captured here: U:/hlocal/TOC/TRAGAPERRAS/PR3_Tragaperras.runs/impl_1/runme.log
launch_runs impl_1 -to_step write_bitstream -jobs 4
[Wed Dec  2 12:42:50 2020] Launched impl_1...
Run output will be captured here: U:/hlocal/TOC/TRAGAPERRAS/PR3_Tragaperras.runs/impl_1/runme.log
set_property PROBES.FILE {} [get_hw_devices xc7a35t_0]
set_property FULL_PROBES.FILE {} [get_hw_devices xc7a35t_0]
set_property PROGRAM.FILE {U:/hlocal/TOC/TRAGAPERRAS/PR3_Tragaperras.runs/impl_1/sintesis_tragaperras.bit} [get_hw_devices xc7a35t_0]
program_hw_devices [get_hw_devices xc7a35t_0]
INFO: [Labtools 27-3164] End of startup status: HIGH
refresh_hw_device [lindex [get_hw_devices xc7a35t_0] 0]
INFO: [Labtools 27-1434] Device xc7a35t (JTAG device index = 0) is programmed with a design that has no supported debug core(s) in it.
ERROR: [Labtoolstcl 44-513] HW Target shutdown. Closing target: localhost:3121/xilinx_tcf/Digilent/210183AB447AA
exit
INFO: [Common 17-206] Exiting Vivado at Wed Dec  2 12:46:05 2020...
