#-----------------------------------------------------------
# Vivado v2019.1 (64-bit)
# SW Build 2552052 on Fri May 24 14:49:42 MDT 2019
# IP Build 2548770 on Fri May 24 18:01:18 MDT 2019
# Start of session at: Tue Dec  1 18:30:11 2020
# Process ID: 13296
# Current directory: C:/Users/ignac/Desktop/UCM/2/TOC/TRAGAPERRAS
# Command line: vivado.exe -gui_launcher_event rodinguilauncherevent11760 C:\Users\ignac\Desktop\UCM\2\TOC\TRAGAPERRAS\PR3_Tragaperras.xpr
# Log file: C:/Users/ignac/Desktop/UCM/2/TOC/TRAGAPERRAS/vivado.log
# Journal file: C:/Users/ignac/Desktop/UCM/2/TOC/TRAGAPERRAS\vivado.jou
#-----------------------------------------------------------
start_gui
open_project C:/Users/ignac/Desktop/UCM/2/TOC/TRAGAPERRAS/PR3_Tragaperras.xpr
INFO: [Project 1-313] Project file moved from 'D:/UNIVERSIDAD 2 CURSO/TOC/TRAGAPERRAS' since last save.
Scanning sources...
Finished scanning sources
INFO: [IP_Flow 19-234] Refreshing IP repositories
INFO: [IP_Flow 19-1704] No user IP repositories specified
INFO: [IP_Flow 19-2313] Loaded Vivado IP repository 'D:/Xilinx/Vivado/2019.1/data/ip'.
open_project: Time (s): cpu = 00:00:08 ; elapsed = 00:00:09 . Memory (MB): peak = 666.035 ; gain = 80.285
update_compile_order -fileset sources_1
exit
INFO: [Common 17-206] Exiting Vivado at Tue Dec  1 20:16:47 2020...
