#-----------------------------------------------------------
# Vivado v2019.1.3 (64-bit)
# SW Build 2644227 on Wed Sep  4 09:45:24 MDT 2019
# IP Build 2633630 on Wed Sep  4 12:30:14 MDT 2019
# Start of session at: Mon Dec 14 17:44:01 2020
# Process ID: 12672
# Current directory: F:/Segundo/TOC_tragaperras/TRAGAPERRAS
# Command line: vivado.exe -gui_launcher_event rodinguilauncherevent11076 F:\Segundo\TOC_tragaperras\TRAGAPERRAS\PR3_Tragaperras.xpr
# Log file: F:/Segundo/TOC_tragaperras/TRAGAPERRAS/vivado.log
# Journal file: F:/Segundo/TOC_tragaperras/TRAGAPERRAS\vivado.jou
#-----------------------------------------------------------
start_gui
open_project F:/Segundo/TOC_tragaperras/TRAGAPERRAS/PR3_Tragaperras.xpr
INFO: [Project 1-313] Project file moved from 'U:/hlocal/TOC/TRAGAPERRAS' since last save.
Scanning sources...
Finished scanning sources
INFO: [IP_Flow 19-234] Refreshing IP repositories
INFO: [IP_Flow 19-1704] No user IP repositories specified
INFO: [IP_Flow 19-2313] Loaded Vivado IP repository 'C:/Users/PcCom/Xilinx/Vivado/2019.1/data/ip'.
open_project: Time (s): cpu = 00:00:14 ; elapsed = 00:00:05 . Memory (MB): peak = 783.723 ; gain = 143.145
update_compile_order -fileset sources_1
exit
INFO: [Common 17-206] Exiting Vivado at Mon Dec 14 17:45:20 2020...
