Vivado Simulator 2019.1
Copyright 1986-1999, 2001-2019 Xilinx, Inc. All Rights Reserved.
Running: C:/Xilinx/Vivado/2019.1/bin/unwrapped/win64.o/xelab.exe -wto 10708a00fdc64b21b59ff3ca02c8bfcd --incr --debug typical --relax --mt 2 -L xil_defaultlib -L secureip --snapshot tb_code_behav xil_defaultlib.tb_code -log elaborate.log 
Using 2 slave threads.
Starting static elaboration
Completed static elaboration
Starting simulation data flow analysis
Completed simulation data flow analysis
Time Resolution for simulation is 1ps
Compiling package std.standard
Compiling package std.textio
Compiling package ieee.std_logic_1164
Compiling package ieee.std_logic_arith
Compiling package ieee.std_logic_unsigned
Compiling package ieee.std_logic_textio
Compiling package ieee.numeric_std
Compiling architecture rtl of entity xil_defaultlib.debouncer [debouncer_default]
Compiling architecture rtl of entity xil_defaultlib.decoder [decoder_default]
Compiling architecture rtl of entity xil_defaultlib.conv_7seg [conv_7seg_default]
Compiling architecture behavioral of entity xil_defaultlib.code [code_default]
Compiling architecture behavior of entity xil_defaultlib.tb_code
Built simulation snapshot tb_code_behav
