
*** Running vivado
    with args -log Mult_adders.vds -m64 -product Vivado -mode batch -messageDb vivado.pb -notrace -source Mult_adders.tcl


****** Vivado v2019.1 (64-bit)
  **** SW Build 2552052 on Fri May 24 14:49:42 MDT 2019
  **** IP Build 2548770 on Fri May 24 18:01:18 MDT 2019
    ** Copyright 1986-2019 Xilinx, Inc. All Rights Reserved.

source Mult_adders.tcl -notrace
Command: synth_design -top Mult_adders -part xc7a35tcpg236-1
Starting synth_design
Attempting to get a license for feature 'Synthesis' and/or device 'xc7a35t'
INFO: [Common 17-349] Got license for feature 'Synthesis' and/or device 'xc7a35t'
INFO: [Device 21-403] Loading part xc7a35tcpg236-1
INFO: Launching helper process for spawning children vivado processes
INFO: Helper process launched with PID 18916 
---------------------------------------------------------------------------------
Starting RTL Elaboration : Time (s): cpu = 00:00:04 ; elapsed = 00:00:04 . Memory (MB): peak = 701.672 ; gain = 176.668
---------------------------------------------------------------------------------
INFO: [Synth 8-638] synthesizing module 'Mult_adders' [D:/Pogramas/practica3/practica3.srcs/sources_1/imports/practica3/Mult_adders.vhd:45]
INFO: [Synth 8-3491] module 'adder4b' declared at 'D:/Pogramas/practica3/practica3.srcs/sources_1/imports/practica3/adder.vhd:4' bound to instance 'adder1' of component 'adder4b' [D:/Pogramas/practica3/practica3.srcs/sources_1/imports/practica3/Mult_adders.vhd:63]
INFO: [Synth 8-638] synthesizing module 'adder4b' [D:/Pogramas/practica3/practica3.srcs/sources_1/imports/practica3/adder.vhd:9]
INFO: [Synth 8-256] done synthesizing module 'adder4b' (1#1) [D:/Pogramas/practica3/practica3.srcs/sources_1/imports/practica3/adder.vhd:9]
INFO: [Synth 8-3491] module 'registro' declared at 'D:/Pogramas/practica3/practica3.srcs/sources_1/imports/practica3/registro.vhd:4' bound to instance 'reg1' of component 'registro' [D:/Pogramas/practica3/practica3.srcs/sources_1/imports/practica3/Mult_adders.vhd:64]
INFO: [Synth 8-638] synthesizing module 'registro' [D:/Pogramas/practica3/practica3.srcs/sources_1/imports/practica3/registro.vhd:14]
INFO: [Synth 8-256] done synthesizing module 'registro' (2#1) [D:/Pogramas/practica3/practica3.srcs/sources_1/imports/practica3/registro.vhd:14]
INFO: [Synth 8-3491] module 'registro' declared at 'D:/Pogramas/practica3/practica3.srcs/sources_1/imports/practica3/registro.vhd:4' bound to instance 'reg2' of component 'registro' [D:/Pogramas/practica3/practica3.srcs/sources_1/imports/practica3/Mult_adders.vhd:67]
INFO: [Synth 8-3491] module 'adder4b' declared at 'D:/Pogramas/practica3/practica3.srcs/sources_1/imports/practica3/adder.vhd:4' bound to instance 'adder2' of component 'adder4b' [D:/Pogramas/practica3/practica3.srcs/sources_1/imports/practica3/Mult_adders.vhd:69]
INFO: [Synth 8-3491] module 'registro' declared at 'D:/Pogramas/practica3/practica3.srcs/sources_1/imports/practica3/registro.vhd:4' bound to instance 'reg3' of component 'registro' [D:/Pogramas/practica3/practica3.srcs/sources_1/imports/practica3/Mult_adders.vhd:70]
INFO: [Synth 8-3491] module 'registro' declared at 'D:/Pogramas/practica3/practica3.srcs/sources_1/imports/practica3/registro.vhd:4' bound to instance 'reg4' of component 'registro' [D:/Pogramas/practica3/practica3.srcs/sources_1/imports/practica3/Mult_adders.vhd:73]
INFO: [Synth 8-3491] module 'registro' declared at 'D:/Pogramas/practica3/practica3.srcs/sources_1/imports/practica3/registro.vhd:4' bound to instance 'reg5' of component 'registro' [D:/Pogramas/practica3/practica3.srcs/sources_1/imports/practica3/Mult_adders.vhd:74]
INFO: [Synth 8-3491] module 'adder4b' declared at 'D:/Pogramas/practica3/practica3.srcs/sources_1/imports/practica3/adder.vhd:4' bound to instance 'adder3' of component 'adder4b' [D:/Pogramas/practica3/practica3.srcs/sources_1/imports/practica3/Mult_adders.vhd:76]
CRITICAL WARNING: [Synth 8-6859] multi-driven net on pin D:/Pogramas/practica3/practica3.srcs/sources_1/imports/practica3/Mult_adders.vhd-76.0 with 1st driver pin 'Mult_adders:/reg2/S[0]' [D:/Pogramas/practica3/practica3.srcs/sources_1/imports/practica3/Mult_adders.vhd:76]
CRITICAL WARNING: [Synth 8-6859] multi-driven net on pin D:/Pogramas/practica3/practica3.srcs/sources_1/imports/practica3/Mult_adders.vhd-76.0 with 2nd driver pin 'GND' [D:/Pogramas/practica3/practica3.srcs/sources_1/imports/practica3/Mult_adders.vhd:76]
CRITICAL WARNING: [Synth 8-6858] multi-driven net D:/Pogramas/practica3/practica3.srcs/sources_1/imports/practica3/Mult_adders.vhd-76.0 is connected to at least one constant driver which has been preserved, other driver is ignored [D:/Pogramas/practica3/practica3.srcs/sources_1/imports/practica3/Mult_adders.vhd:76]
CRITICAL WARNING: [Synth 8-6859] multi-driven net on pin D:/Pogramas/practica3/practica3.srcs/sources_1/imports/practica3/Mult_adders.vhd-76.0 with 1st driver pin 'Mult_adders:/reg2/S[1]' [D:/Pogramas/practica3/practica3.srcs/sources_1/imports/practica3/Mult_adders.vhd:76]
CRITICAL WARNING: [Synth 8-6859] multi-driven net on pin D:/Pogramas/practica3/practica3.srcs/sources_1/imports/practica3/Mult_adders.vhd-76.0 with 2nd driver pin 'GND' [D:/Pogramas/practica3/practica3.srcs/sources_1/imports/practica3/Mult_adders.vhd:76]
CRITICAL WARNING: [Synth 8-6858] multi-driven net D:/Pogramas/practica3/practica3.srcs/sources_1/imports/practica3/Mult_adders.vhd-76.0 is connected to at least one constant driver which has been preserved, other driver is ignored [D:/Pogramas/practica3/practica3.srcs/sources_1/imports/practica3/Mult_adders.vhd:76]
CRITICAL WARNING: [Synth 8-6859] multi-driven net on pin D:/Pogramas/practica3/practica3.srcs/sources_1/imports/practica3/Mult_adders.vhd-76.0 with 1st driver pin 'Mult_adders:/reg2/S[2]' [D:/Pogramas/practica3/practica3.srcs/sources_1/imports/practica3/Mult_adders.vhd:76]
CRITICAL WARNING: [Synth 8-6859] multi-driven net on pin D:/Pogramas/practica3/practica3.srcs/sources_1/imports/practica3/Mult_adders.vhd-76.0 with 2nd driver pin 'GND' [D:/Pogramas/practica3/practica3.srcs/sources_1/imports/practica3/Mult_adders.vhd:76]
CRITICAL WARNING: [Synth 8-6858] multi-driven net D:/Pogramas/practica3/practica3.srcs/sources_1/imports/practica3/Mult_adders.vhd-76.0 is connected to at least one constant driver which has been preserved, other driver is ignored [D:/Pogramas/practica3/practica3.srcs/sources_1/imports/practica3/Mult_adders.vhd:76]
CRITICAL WARNING: [Synth 8-6859] multi-driven net on pin D:/Pogramas/practica3/practica3.srcs/sources_1/imports/practica3/Mult_adders.vhd-76.0 with 1st driver pin 'Mult_adders:/reg2/S[3]' [D:/Pogramas/practica3/practica3.srcs/sources_1/imports/practica3/Mult_adders.vhd:76]
CRITICAL WARNING: [Synth 8-6859] multi-driven net on pin D:/Pogramas/practica3/practica3.srcs/sources_1/imports/practica3/Mult_adders.vhd-76.0 with 2nd driver pin 'GND' [D:/Pogramas/practica3/practica3.srcs/sources_1/imports/practica3/Mult_adders.vhd:76]
CRITICAL WARNING: [Synth 8-6858] multi-driven net D:/Pogramas/practica3/practica3.srcs/sources_1/imports/practica3/Mult_adders.vhd-76.0 is connected to at least one constant driver which has been preserved, other driver is ignored [D:/Pogramas/practica3/practica3.srcs/sources_1/imports/practica3/Mult_adders.vhd:76]
CRITICAL WARNING: [Synth 8-6859] multi-driven net on pin D:/Pogramas/practica3/practica3.srcs/sources_1/imports/practica3/Mult_adders.vhd-76.0 with 1st driver pin 'Mult_adders:/reg2/S[4]' [D:/Pogramas/practica3/practica3.srcs/sources_1/imports/practica3/Mult_adders.vhd:76]
CRITICAL WARNING: [Synth 8-6859] multi-driven net on pin D:/Pogramas/practica3/practica3.srcs/sources_1/imports/practica3/Mult_adders.vhd-76.0 with 2nd driver pin 'GND' [D:/Pogramas/practica3/practica3.srcs/sources_1/imports/practica3/Mult_adders.vhd:76]
CRITICAL WARNING: [Synth 8-6858] multi-driven net D:/Pogramas/practica3/practica3.srcs/sources_1/imports/practica3/Mult_adders.vhd-76.0 is connected to at least one constant driver which has been preserved, other driver is ignored [D:/Pogramas/practica3/practica3.srcs/sources_1/imports/practica3/Mult_adders.vhd:76]
CRITICAL WARNING: [Synth 8-6859] multi-driven net on pin D:/Pogramas/practica3/practica3.srcs/sources_1/imports/practica3/Mult_adders.vhd-76.0 with 1st driver pin 'Mult_adders:/reg2/S[5]' [D:/Pogramas/practica3/practica3.srcs/sources_1/imports/practica3/Mult_adders.vhd:76]
CRITICAL WARNING: [Synth 8-6859] multi-driven net on pin D:/Pogramas/practica3/practica3.srcs/sources_1/imports/practica3/Mult_adders.vhd-76.0 with 2nd driver pin 'GND' [D:/Pogramas/practica3/practica3.srcs/sources_1/imports/practica3/Mult_adders.vhd:76]
CRITICAL WARNING: [Synth 8-6858] multi-driven net D:/Pogramas/practica3/practica3.srcs/sources_1/imports/practica3/Mult_adders.vhd-76.0 is connected to at least one constant driver which has been preserved, other driver is ignored [D:/Pogramas/practica3/practica3.srcs/sources_1/imports/practica3/Mult_adders.vhd:76]
CRITICAL WARNING: [Synth 8-6859] multi-driven net on pin D:/Pogramas/practica3/practica3.srcs/sources_1/imports/practica3/Mult_adders.vhd-76.0 with 1st driver pin 'Mult_adders:/reg2/S[6]' [D:/Pogramas/practica3/practica3.srcs/sources_1/imports/practica3/Mult_adders.vhd:76]
CRITICAL WARNING: [Synth 8-6859] multi-driven net on pin D:/Pogramas/practica3/practica3.srcs/sources_1/imports/practica3/Mult_adders.vhd-76.0 with 2nd driver pin 'GND' [D:/Pogramas/practica3/practica3.srcs/sources_1/imports/practica3/Mult_adders.vhd:76]
CRITICAL WARNING: [Synth 8-6858] multi-driven net D:/Pogramas/practica3/practica3.srcs/sources_1/imports/practica3/Mult_adders.vhd-76.0 is connected to at least one constant driver which has been preserved, other driver is ignored [D:/Pogramas/practica3/practica3.srcs/sources_1/imports/practica3/Mult_adders.vhd:76]
CRITICAL WARNING: [Synth 8-6859] multi-driven net on pin D:/Pogramas/practica3/practica3.srcs/sources_1/imports/practica3/Mult_adders.vhd-76.0 with 1st driver pin 'Mult_adders:/reg2/S[7]' [D:/Pogramas/practica3/practica3.srcs/sources_1/imports/practica3/Mult_adders.vhd:76]
CRITICAL WARNING: [Synth 8-6859] multi-driven net on pin D:/Pogramas/practica3/practica3.srcs/sources_1/imports/practica3/Mult_adders.vhd-76.0 with 2nd driver pin 'GND' [D:/Pogramas/practica3/practica3.srcs/sources_1/imports/practica3/Mult_adders.vhd:76]
CRITICAL WARNING: [Synth 8-6858] multi-driven net D:/Pogramas/practica3/practica3.srcs/sources_1/imports/practica3/Mult_adders.vhd-76.0 is connected to at least one constant driver which has been preserved, other driver is ignored [D:/Pogramas/practica3/practica3.srcs/sources_1/imports/practica3/Mult_adders.vhd:76]
CRITICAL WARNING: [Synth 8-6859] multi-driven net on pin D:/Pogramas/practica3/practica3.srcs/sources_1/imports/practica3/Mult_adders.vhd-69.0 with 1st driver pin 'Mult_adders:/reg2/S[0]' [D:/Pogramas/practica3/practica3.srcs/sources_1/imports/practica3/Mult_adders.vhd:69]
CRITICAL WARNING: [Synth 8-6859] multi-driven net on pin D:/Pogramas/practica3/practica3.srcs/sources_1/imports/practica3/Mult_adders.vhd-69.0 with 2nd driver pin 'GND' [D:/Pogramas/practica3/practica3.srcs/sources_1/imports/practica3/Mult_adders.vhd:69]
CRITICAL WARNING: [Synth 8-6858] multi-driven net D:/Pogramas/practica3/practica3.srcs/sources_1/imports/practica3/Mult_adders.vhd-69.0 is connected to at least one constant driver which has been preserved, other driver is ignored [D:/Pogramas/practica3/practica3.srcs/sources_1/imports/practica3/Mult_adders.vhd:69]
CRITICAL WARNING: [Synth 8-6859] multi-driven net on pin D:/Pogramas/practica3/practica3.srcs/sources_1/imports/practica3/Mult_adders.vhd-69.0 with 1st driver pin 'Mult_adders:/reg2/S[1]' [D:/Pogramas/practica3/practica3.srcs/sources_1/imports/practica3/Mult_adders.vhd:69]
CRITICAL WARNING: [Synth 8-6859] multi-driven net on pin D:/Pogramas/practica3/practica3.srcs/sources_1/imports/practica3/Mult_adders.vhd-69.0 with 2nd driver pin 'GND' [D:/Pogramas/practica3/practica3.srcs/sources_1/imports/practica3/Mult_adders.vhd:69]
CRITICAL WARNING: [Synth 8-6858] multi-driven net D:/Pogramas/practica3/practica3.srcs/sources_1/imports/practica3/Mult_adders.vhd-69.0 is connected to at least one constant driver which has been preserved, other driver is ignored [D:/Pogramas/practica3/practica3.srcs/sources_1/imports/practica3/Mult_adders.vhd:69]
CRITICAL WARNING: [Synth 8-6859] multi-driven net on pin D:/Pogramas/practica3/practica3.srcs/sources_1/imports/practica3/Mult_adders.vhd-69.0 with 1st driver pin 'Mult_adders:/reg2/S[2]' [D:/Pogramas/practica3/practica3.srcs/sources_1/imports/practica3/Mult_adders.vhd:69]
CRITICAL WARNING: [Synth 8-6859] multi-driven net on pin D:/Pogramas/practica3/practica3.srcs/sources_1/imports/practica3/Mult_adders.vhd-69.0 with 2nd driver pin 'GND' [D:/Pogramas/practica3/practica3.srcs/sources_1/imports/practica3/Mult_adders.vhd:69]
CRITICAL WARNING: [Synth 8-6858] multi-driven net D:/Pogramas/practica3/practica3.srcs/sources_1/imports/practica3/Mult_adders.vhd-69.0 is connected to at least one constant driver which has been preserved, other driver is ignored [D:/Pogramas/practica3/practica3.srcs/sources_1/imports/practica3/Mult_adders.vhd:69]
CRITICAL WARNING: [Synth 8-6859] multi-driven net on pin D:/Pogramas/practica3/practica3.srcs/sources_1/imports/practica3/Mult_adders.vhd-69.0 with 1st driver pin 'Mult_adders:/reg2/S[3]' [D:/Pogramas/practica3/practica3.srcs/sources_1/imports/practica3/Mult_adders.vhd:69]
CRITICAL WARNING: [Synth 8-6859] multi-driven net on pin D:/Pogramas/practica3/practica3.srcs/sources_1/imports/practica3/Mult_adders.vhd-69.0 with 2nd driver pin 'GND' [D:/Pogramas/practica3/practica3.srcs/sources_1/imports/practica3/Mult_adders.vhd:69]
CRITICAL WARNING: [Synth 8-6858] multi-driven net D:/Pogramas/practica3/practica3.srcs/sources_1/imports/practica3/Mult_adders.vhd-69.0 is connected to at least one constant driver which has been preserved, other driver is ignored [D:/Pogramas/practica3/practica3.srcs/sources_1/imports/practica3/Mult_adders.vhd:69]
CRITICAL WARNING: [Synth 8-6859] multi-driven net on pin D:/Pogramas/practica3/practica3.srcs/sources_1/imports/practica3/Mult_adders.vhd-69.0 with 1st driver pin 'Mult_adders:/reg2/S[4]' [D:/Pogramas/practica3/practica3.srcs/sources_1/imports/practica3/Mult_adders.vhd:69]
CRITICAL WARNING: [Synth 8-6859] multi-driven net on pin D:/Pogramas/practica3/practica3.srcs/sources_1/imports/practica3/Mult_adders.vhd-69.0 with 2nd driver pin 'GND' [D:/Pogramas/practica3/practica3.srcs/sources_1/imports/practica3/Mult_adders.vhd:69]
CRITICAL WARNING: [Synth 8-6858] multi-driven net D:/Pogramas/practica3/practica3.srcs/sources_1/imports/practica3/Mult_adders.vhd-69.0 is connected to at least one constant driver which has been preserved, other driver is ignored [D:/Pogramas/practica3/practica3.srcs/sources_1/imports/practica3/Mult_adders.vhd:69]
CRITICAL WARNING: [Synth 8-6859] multi-driven net on pin D:/Pogramas/practica3/practica3.srcs/sources_1/imports/practica3/Mult_adders.vhd-69.0 with 1st driver pin 'Mult_adders:/reg2/S[5]' [D:/Pogramas/practica3/practica3.srcs/sources_1/imports/practica3/Mult_adders.vhd:69]
CRITICAL WARNING: [Synth 8-6859] multi-driven net on pin D:/Pogramas/practica3/practica3.srcs/sources_1/imports/practica3/Mult_adders.vhd-69.0 with 2nd driver pin 'GND' [D:/Pogramas/practica3/practica3.srcs/sources_1/imports/practica3/Mult_adders.vhd:69]
CRITICAL WARNING: [Synth 8-6858] multi-driven net D:/Pogramas/practica3/practica3.srcs/sources_1/imports/practica3/Mult_adders.vhd-69.0 is connected to at least one constant driver which has been preserved, other driver is ignored [D:/Pogramas/practica3/practica3.srcs/sources_1/imports/practica3/Mult_adders.vhd:69]
CRITICAL WARNING: [Synth 8-6859] multi-driven net on pin D:/Pogramas/practica3/practica3.srcs/sources_1/imports/practica3/Mult_adders.vhd-69.0 with 1st driver pin 'Mult_adders:/reg2/S[6]' [D:/Pogramas/practica3/practica3.srcs/sources_1/imports/practica3/Mult_adders.vhd:69]
CRITICAL WARNING: [Synth 8-6859] multi-driven net on pin D:/Pogramas/practica3/practica3.srcs/sources_1/imports/practica3/Mult_adders.vhd-69.0 with 2nd driver pin 'GND' [D:/Pogramas/practica3/practica3.srcs/sources_1/imports/practica3/Mult_adders.vhd:69]
CRITICAL WARNING: [Synth 8-6858] multi-driven net D:/Pogramas/practica3/practica3.srcs/sources_1/imports/practica3/Mult_adders.vhd-69.0 is connected to at least one constant driver which has been preserved, other driver is ignored [D:/Pogramas/practica3/practica3.srcs/sources_1/imports/practica3/Mult_adders.vhd:69]
CRITICAL WARNING: [Synth 8-6859] multi-driven net on pin D:/Pogramas/practica3/practica3.srcs/sources_1/imports/practica3/Mult_adders.vhd-69.0 with 1st driver pin 'Mult_adders:/reg2/S[7]' [D:/Pogramas/practica3/practica3.srcs/sources_1/imports/practica3/Mult_adders.vhd:69]
CRITICAL WARNING: [Synth 8-6859] multi-driven net on pin D:/Pogramas/practica3/practica3.srcs/sources_1/imports/practica3/Mult_adders.vhd-69.0 with 2nd driver pin 'GND' [D:/Pogramas/practica3/practica3.srcs/sources_1/imports/practica3/Mult_adders.vhd:69]
CRITICAL WARNING: [Synth 8-6858] multi-driven net D:/Pogramas/practica3/practica3.srcs/sources_1/imports/practica3/Mult_adders.vhd-69.0 is connected to at least one constant driver which has been preserved, other driver is ignored [D:/Pogramas/practica3/practica3.srcs/sources_1/imports/practica3/Mult_adders.vhd:69]
CRITICAL WARNING: [Synth 8-6859] multi-driven net on pin D:/Pogramas/practica3/practica3.srcs/sources_1/imports/practica3/Mult_adders.vhd-63.0 with 1st driver pin 'Mult_adders:/reg2/S[0]' [D:/Pogramas/practica3/practica3.srcs/sources_1/imports/practica3/Mult_adders.vhd:63]
CRITICAL WARNING: [Synth 8-6859] multi-driven net on pin D:/Pogramas/practica3/practica3.srcs/sources_1/imports/practica3/Mult_adders.vhd-63.0 with 2nd driver pin 'GND' [D:/Pogramas/practica3/practica3.srcs/sources_1/imports/practica3/Mult_adders.vhd:63]
CRITICAL WARNING: [Synth 8-6858] multi-driven net D:/Pogramas/practica3/practica3.srcs/sources_1/imports/practica3/Mult_adders.vhd-63.0 is connected to at least one constant driver which has been preserved, other driver is ignored [D:/Pogramas/practica3/practica3.srcs/sources_1/imports/practica3/Mult_adders.vhd:63]
CRITICAL WARNING: [Synth 8-6859] multi-driven net on pin D:/Pogramas/practica3/practica3.srcs/sources_1/imports/practica3/Mult_adders.vhd-63.0 with 1st driver pin 'Mult_adders:/reg2/S[1]' [D:/Pogramas/practica3/practica3.srcs/sources_1/imports/practica3/Mult_adders.vhd:63]
CRITICAL WARNING: [Synth 8-6859] multi-driven net on pin D:/Pogramas/practica3/practica3.srcs/sources_1/imports/practica3/Mult_adders.vhd-63.0 with 2nd driver pin 'GND' [D:/Pogramas/practica3/practica3.srcs/sources_1/imports/practica3/Mult_adders.vhd:63]
CRITICAL WARNING: [Synth 8-6858] multi-driven net D:/Pogramas/practica3/practica3.srcs/sources_1/imports/practica3/Mult_adders.vhd-63.0 is connected to at least one constant driver which has been preserved, other driver is ignored [D:/Pogramas/practica3/practica3.srcs/sources_1/imports/practica3/Mult_adders.vhd:63]
CRITICAL WARNING: [Synth 8-6859] multi-driven net on pin D:/Pogramas/practica3/practica3.srcs/sources_1/imports/practica3/Mult_adders.vhd-63.0 with 1st driver pin 'Mult_adders:/reg2/S[2]' [D:/Pogramas/practica3/practica3.srcs/sources_1/imports/practica3/Mult_adders.vhd:63]
CRITICAL WARNING: [Synth 8-6859] multi-driven net on pin D:/Pogramas/practica3/practica3.srcs/sources_1/imports/practica3/Mult_adders.vhd-63.0 with 2nd driver pin 'GND' [D:/Pogramas/practica3/practica3.srcs/sources_1/imports/practica3/Mult_adders.vhd:63]
CRITICAL WARNING: [Synth 8-6858] multi-driven net D:/Pogramas/practica3/practica3.srcs/sources_1/imports/practica3/Mult_adders.vhd-63.0 is connected to at least one constant driver which has been preserved, other driver is ignored [D:/Pogramas/practica3/practica3.srcs/sources_1/imports/practica3/Mult_adders.vhd:63]
CRITICAL WARNING: [Synth 8-6859] multi-driven net on pin D:/Pogramas/practica3/practica3.srcs/sources_1/imports/practica3/Mult_adders.vhd-63.0 with 1st driver pin 'Mult_adders:/reg2/S[3]' [D:/Pogramas/practica3/practica3.srcs/sources_1/imports/practica3/Mult_adders.vhd:63]
CRITICAL WARNING: [Synth 8-6859] multi-driven net on pin D:/Pogramas/practica3/practica3.srcs/sources_1/imports/practica3/Mult_adders.vhd-63.0 with 2nd driver pin 'GND' [D:/Pogramas/practica3/practica3.srcs/sources_1/imports/practica3/Mult_adders.vhd:63]
CRITICAL WARNING: [Synth 8-6858] multi-driven net D:/Pogramas/practica3/practica3.srcs/sources_1/imports/practica3/Mult_adders.vhd-63.0 is connected to at least one constant driver which has been preserved, other driver is ignored [D:/Pogramas/practica3/practica3.srcs/sources_1/imports/practica3/Mult_adders.vhd:63]
CRITICAL WARNING: [Synth 8-6859] multi-driven net on pin D:/Pogramas/practica3/practica3.srcs/sources_1/imports/practica3/Mult_adders.vhd-63.0 with 1st driver pin 'Mult_adders:/reg2/S[4]' [D:/Pogramas/practica3/practica3.srcs/sources_1/imports/practica3/Mult_adders.vhd:63]
CRITICAL WARNING: [Synth 8-6859] multi-driven net on pin D:/Pogramas/practica3/practica3.srcs/sources_1/imports/practica3/Mult_adders.vhd-63.0 with 2nd driver pin 'GND' [D:/Pogramas/practica3/practica3.srcs/sources_1/imports/practica3/Mult_adders.vhd:63]
CRITICAL WARNING: [Synth 8-6858] multi-driven net D:/Pogramas/practica3/practica3.srcs/sources_1/imports/practica3/Mult_adders.vhd-63.0 is connected to at least one constant driver which has been preserved, other driver is ignored [D:/Pogramas/practica3/practica3.srcs/sources_1/imports/practica3/Mult_adders.vhd:63]
CRITICAL WARNING: [Synth 8-6859] multi-driven net on pin D:/Pogramas/practica3/practica3.srcs/sources_1/imports/practica3/Mult_adders.vhd-63.0 with 1st driver pin 'Mult_adders:/reg2/S[5]' [D:/Pogramas/practica3/practica3.srcs/sources_1/imports/practica3/Mult_adders.vhd:63]
CRITICAL WARNING: [Synth 8-6859] multi-driven net on pin D:/Pogramas/practica3/practica3.srcs/sources_1/imports/practica3/Mult_adders.vhd-63.0 with 2nd driver pin 'GND' [D:/Pogramas/practica3/practica3.srcs/sources_1/imports/practica3/Mult_adders.vhd:63]
CRITICAL WARNING: [Synth 8-6858] multi-driven net D:/Pogramas/practica3/practica3.srcs/sources_1/imports/practica3/Mult_adders.vhd-63.0 is connected to at least one constant driver which has been preserved, other driver is ignored [D:/Pogramas/practica3/practica3.srcs/sources_1/imports/practica3/Mult_adders.vhd:63]
CRITICAL WARNING: [Synth 8-6859] multi-driven net on pin D:/Pogramas/practica3/practica3.srcs/sources_1/imports/practica3/Mult_adders.vhd-63.0 with 1st driver pin 'Mult_adders:/reg2/S[6]' [D:/Pogramas/practica3/practica3.srcs/sources_1/imports/practica3/Mult_adders.vhd:63]
CRITICAL WARNING: [Synth 8-6859] multi-driven net on pin D:/Pogramas/practica3/practica3.srcs/sources_1/imports/practica3/Mult_adders.vhd-63.0 with 2nd driver pin 'GND' [D:/Pogramas/practica3/practica3.srcs/sources_1/imports/practica3/Mult_adders.vhd:63]
CRITICAL WARNING: [Synth 8-6858] multi-driven net D:/Pogramas/practica3/practica3.srcs/sources_1/imports/practica3/Mult_adders.vhd-63.0 is connected to at least one constant driver which has been preserved, other driver is ignored [D:/Pogramas/practica3/practica3.srcs/sources_1/imports/practica3/Mult_adders.vhd:63]
CRITICAL WARNING: [Synth 8-6859] multi-driven net on pin D:/Pogramas/practica3/practica3.srcs/sources_1/imports/practica3/Mult_adders.vhd-63.0 with 1st driver pin 'Mult_adders:/reg2/S[7]' [D:/Pogramas/practica3/practica3.srcs/sources_1/imports/practica3/Mult_adders.vhd:63]
CRITICAL WARNING: [Synth 8-6859] multi-driven net on pin D:/Pogramas/practica3/practica3.srcs/sources_1/imports/practica3/Mult_adders.vhd-63.0 with 2nd driver pin 'GND' [D:/Pogramas/practica3/practica3.srcs/sources_1/imports/practica3/Mult_adders.vhd:63]
CRITICAL WARNING: [Synth 8-6858] multi-driven net D:/Pogramas/practica3/practica3.srcs/sources_1/imports/practica3/Mult_adders.vhd-63.0 is connected to at least one constant driver which has been preserved, other driver is ignored [D:/Pogramas/practica3/practica3.srcs/sources_1/imports/practica3/Mult_adders.vhd:63]
CRITICAL WARNING: [Synth 8-6859] multi-driven net on pin D:/Pogramas/practica3/practica3.srcs/sources_1/imports/practica3/Mult_adders.vhd-74.0 with 1st driver pin 'Mult_adders:/reg2/S[0]' [D:/Pogramas/practica3/practica3.srcs/sources_1/imports/practica3/Mult_adders.vhd:74]
CRITICAL WARNING: [Synth 8-6859] multi-driven net on pin D:/Pogramas/practica3/practica3.srcs/sources_1/imports/practica3/Mult_adders.vhd-74.0 with 2nd driver pin 'GND' [D:/Pogramas/practica3/practica3.srcs/sources_1/imports/practica3/Mult_adders.vhd:74]
CRITICAL WARNING: [Synth 8-6858] multi-driven net D:/Pogramas/practica3/practica3.srcs/sources_1/imports/practica3/Mult_adders.vhd-74.0 is connected to at least one constant driver which has been preserved, other driver is ignored [D:/Pogramas/practica3/practica3.srcs/sources_1/imports/practica3/Mult_adders.vhd:74]
CRITICAL WARNING: [Synth 8-6859] multi-driven net on pin D:/Pogramas/practica3/practica3.srcs/sources_1/imports/practica3/Mult_adders.vhd-74.0 with 1st driver pin 'Mult_adders:/reg2/S[1]' [D:/Pogramas/practica3/practica3.srcs/sources_1/imports/practica3/Mult_adders.vhd:74]
CRITICAL WARNING: [Synth 8-6859] multi-driven net on pin D:/Pogramas/practica3/practica3.srcs/sources_1/imports/practica3/Mult_adders.vhd-74.0 with 2nd driver pin 'GND' [D:/Pogramas/practica3/practica3.srcs/sources_1/imports/practica3/Mult_adders.vhd:74]
CRITICAL WARNING: [Synth 8-6858] multi-driven net D:/Pogramas/practica3/practica3.srcs/sources_1/imports/practica3/Mult_adders.vhd-74.0 is connected to at least one constant driver which has been preserved, other driver is ignored [D:/Pogramas/practica3/practica3.srcs/sources_1/imports/practica3/Mult_adders.vhd:74]
CRITICAL WARNING: [Synth 8-6859] multi-driven net on pin D:/Pogramas/practica3/practica3.srcs/sources_1/imports/practica3/Mult_adders.vhd-74.0 with 1st driver pin 'Mult_adders:/reg2/S[2]' [D:/Pogramas/practica3/practica3.srcs/sources_1/imports/practica3/Mult_adders.vhd:74]
CRITICAL WARNING: [Synth 8-6859] multi-driven net on pin D:/Pogramas/practica3/practica3.srcs/sources_1/imports/practica3/Mult_adders.vhd-74.0 with 2nd driver pin 'GND' [D:/Pogramas/practica3/practica3.srcs/sources_1/imports/practica3/Mult_adders.vhd:74]
CRITICAL WARNING: [Synth 8-6858] multi-driven net D:/Pogramas/practica3/practica3.srcs/sources_1/imports/practica3/Mult_adders.vhd-74.0 is connected to at least one constant driver which has been preserved, other driver is ignored [D:/Pogramas/practica3/practica3.srcs/sources_1/imports/practica3/Mult_adders.vhd:74]
CRITICAL WARNING: [Synth 8-6859] multi-driven net on pin D:/Pogramas/practica3/practica3.srcs/sources_1/imports/practica3/Mult_adders.vhd-74.0 with 1st driver pin 'Mult_adders:/reg2/S[3]' [D:/Pogramas/practica3/practica3.srcs/sources_1/imports/practica3/Mult_adders.vhd:74]
CRITICAL WARNING: [Synth 8-6859] multi-driven net on pin D:/Pogramas/practica3/practica3.srcs/sources_1/imports/practica3/Mult_adders.vhd-74.0 with 2nd driver pin 'GND' [D:/Pogramas/practica3/practica3.srcs/sources_1/imports/practica3/Mult_adders.vhd:74]
CRITICAL WARNING: [Synth 8-6858] multi-driven net D:/Pogramas/practica3/practica3.srcs/sources_1/imports/practica3/Mult_adders.vhd-74.0 is connected to at least one constant driver which has been preserved, other driver is ignored [D:/Pogramas/practica3/practica3.srcs/sources_1/imports/practica3/Mult_adders.vhd:74]
CRITICAL WARNING: [Synth 8-6859] multi-driven net on pin D:/Pogramas/practica3/practica3.srcs/sources_1/imports/practica3/Mult_adders.vhd-74.0 with 1st driver pin 'Mult_adders:/reg2/S[4]' [D:/Pogramas/practica3/practica3.srcs/sources_1/imports/practica3/Mult_adders.vhd:74]
CRITICAL WARNING: [Synth 8-6859] multi-driven net on pin D:/Pogramas/practica3/practica3.srcs/sources_1/imports/practica3/Mult_adders.vhd-74.0 with 2nd driver pin 'GND' [D:/Pogramas/practica3/practica3.srcs/sources_1/imports/practica3/Mult_adders.vhd:74]
CRITICAL WARNING: [Synth 8-6858] multi-driven net D:/Pogramas/practica3/practica3.srcs/sources_1/imports/practica3/Mult_adders.vhd-74.0 is connected to at least one constant driver which has been preserved, other driver is ignored [D:/Pogramas/practica3/practica3.srcs/sources_1/imports/practica3/Mult_adders.vhd:74]
CRITICAL WARNING: [Synth 8-6859] multi-driven net on pin D:/Pogramas/practica3/practica3.srcs/sources_1/imports/practica3/Mult_adders.vhd-74.0 with 1st driver pin 'Mult_adders:/reg2/S[5]' [D:/Pogramas/practica3/practica3.srcs/sources_1/imports/practica3/Mult_adders.vhd:74]
CRITICAL WARNING: [Synth 8-6859] multi-driven net on pin D:/Pogramas/practica3/practica3.srcs/sources_1/imports/practica3/Mult_adders.vhd-74.0 with 2nd driver pin 'GND' [D:/Pogramas/practica3/practica3.srcs/sources_1/imports/practica3/Mult_adders.vhd:74]
CRITICAL WARNING: [Synth 8-6858] multi-driven net D:/Pogramas/practica3/practica3.srcs/sources_1/imports/practica3/Mult_adders.vhd-74.0 is connected to at least one constant driver which has been preserved, other driver is ignored [D:/Pogramas/practica3/practica3.srcs/sources_1/imports/practica3/Mult_adders.vhd:74]
CRITICAL WARNING: [Synth 8-6859] multi-driven net on pin D:/Pogramas/practica3/practica3.srcs/sources_1/imports/practica3/Mult_adders.vhd-74.0 with 1st driver pin 'Mult_adders:/reg2/S[6]' [D:/Pogramas/practica3/practica3.srcs/sources_1/imports/practica3/Mult_adders.vhd:74]
CRITICAL WARNING: [Synth 8-6859] multi-driven net on pin D:/Pogramas/practica3/practica3.srcs/sources_1/imports/practica3/Mult_adders.vhd-74.0 with 2nd driver pin 'GND' [D:/Pogramas/practica3/practica3.srcs/sources_1/imports/practica3/Mult_adders.vhd:74]
CRITICAL WARNING: [Synth 8-6858] multi-driven net D:/Pogramas/practica3/practica3.srcs/sources_1/imports/practica3/Mult_adders.vhd-74.0 is connected to at least one constant driver which has been preserved, other driver is ignored [D:/Pogramas/practica3/practica3.srcs/sources_1/imports/practica3/Mult_adders.vhd:74]
CRITICAL WARNING: [Synth 8-6859] multi-driven net on pin D:/Pogramas/practica3/practica3.srcs/sources_1/imports/practica3/Mult_adders.vhd-74.0 with 1st driver pin 'Mult_adders:/reg2/S[7]' [D:/Pogramas/practica3/practica3.srcs/sources_1/imports/practica3/Mult_adders.vhd:74]
CRITICAL WARNING: [Synth 8-6859] multi-driven net on pin D:/Pogramas/practica3/practica3.srcs/sources_1/imports/practica3/Mult_adders.vhd-74.0 with 2nd driver pin 'GND' [D:/Pogramas/practica3/practica3.srcs/sources_1/imports/practica3/Mult_adders.vhd:74]
CRITICAL WARNING: [Synth 8-6858] multi-driven net D:/Pogramas/practica3/practica3.srcs/sources_1/imports/practica3/Mult_adders.vhd-74.0 is connected to at least one constant driver which has been preserved, other driver is ignored [D:/Pogramas/practica3/practica3.srcs/sources_1/imports/practica3/Mult_adders.vhd:74]
CRITICAL WARNING: [Synth 8-6859] multi-driven net on pin D:/Pogramas/practica3/practica3.srcs/sources_1/imports/practica3/Mult_adders.vhd-73.0 with 1st driver pin 'Mult_adders:/reg2/S[0]' [D:/Pogramas/practica3/practica3.srcs/sources_1/imports/practica3/Mult_adders.vhd:73]
CRITICAL WARNING: [Synth 8-6859] multi-driven net on pin D:/Pogramas/practica3/practica3.srcs/sources_1/imports/practica3/Mult_adders.vhd-73.0 with 2nd driver pin 'GND' [D:/Pogramas/practica3/practica3.srcs/sources_1/imports/practica3/Mult_adders.vhd:73]
CRITICAL WARNING: [Synth 8-6858] multi-driven net D:/Pogramas/practica3/practica3.srcs/sources_1/imports/practica3/Mult_adders.vhd-73.0 is connected to at least one constant driver which has been preserved, other driver is ignored [D:/Pogramas/practica3/practica3.srcs/sources_1/imports/practica3/Mult_adders.vhd:73]
CRITICAL WARNING: [Synth 8-6859] multi-driven net on pin D:/Pogramas/practica3/practica3.srcs/sources_1/imports/practica3/Mult_adders.vhd-73.0 with 1st driver pin 'Mult_adders:/reg2/S[1]' [D:/Pogramas/practica3/practica3.srcs/sources_1/imports/practica3/Mult_adders.vhd:73]
CRITICAL WARNING: [Synth 8-6859] multi-driven net on pin D:/Pogramas/practica3/practica3.srcs/sources_1/imports/practica3/Mult_adders.vhd-73.0 with 2nd driver pin 'GND' [D:/Pogramas/practica3/practica3.srcs/sources_1/imports/practica3/Mult_adders.vhd:73]
CRITICAL WARNING: [Synth 8-6858] multi-driven net D:/Pogramas/practica3/practica3.srcs/sources_1/imports/practica3/Mult_adders.vhd-73.0 is connected to at least one constant driver which has been preserved, other driver is ignored [D:/Pogramas/practica3/practica3.srcs/sources_1/imports/practica3/Mult_adders.vhd:73]
CRITICAL WARNING: [Synth 8-6859] multi-driven net on pin D:/Pogramas/practica3/practica3.srcs/sources_1/imports/practica3/Mult_adders.vhd-73.0 with 1st driver pin 'Mult_adders:/reg2/S[2]' [D:/Pogramas/practica3/practica3.srcs/sources_1/imports/practica3/Mult_adders.vhd:73]
CRITICAL WARNING: [Synth 8-6859] multi-driven net on pin D:/Pogramas/practica3/practica3.srcs/sources_1/imports/practica3/Mult_adders.vhd-73.0 with 2nd driver pin 'GND' [D:/Pogramas/practica3/practica3.srcs/sources_1/imports/practica3/Mult_adders.vhd:73]
CRITICAL WARNING: [Synth 8-6858] multi-driven net D:/Pogramas/practica3/practica3.srcs/sources_1/imports/practica3/Mult_adders.vhd-73.0 is connected to at least one constant driver which has been preserved, other driver is ignored [D:/Pogramas/practica3/practica3.srcs/sources_1/imports/practica3/Mult_adders.vhd:73]
CRITICAL WARNING: [Synth 8-6859] multi-driven net on pin D:/Pogramas/practica3/practica3.srcs/sources_1/imports/practica3/Mult_adders.vhd-73.0 with 1st driver pin 'Mult_adders:/reg2/S[3]' [D:/Pogramas/practica3/practica3.srcs/sources_1/imports/practica3/Mult_adders.vhd:73]
CRITICAL WARNING: [Synth 8-6859] multi-driven net on pin D:/Pogramas/practica3/practica3.srcs/sources_1/imports/practica3/Mult_adders.vhd-73.0 with 2nd driver pin 'GND' [D:/Pogramas/practica3/practica3.srcs/sources_1/imports/practica3/Mult_adders.vhd:73]
CRITICAL WARNING: [Synth 8-6858] multi-driven net D:/Pogramas/practica3/practica3.srcs/sources_1/imports/practica3/Mult_adders.vhd-73.0 is connected to at least one constant driver which has been preserved, other driver is ignored [D:/Pogramas/practica3/practica3.srcs/sources_1/imports/practica3/Mult_adders.vhd:73]
CRITICAL WARNING: [Synth 8-6859] multi-driven net on pin D:/Pogramas/practica3/practica3.srcs/sources_1/imports/practica3/Mult_adders.vhd-73.0 with 1st driver pin 'Mult_adders:/reg2/S[4]' [D:/Pogramas/practica3/practica3.srcs/sources_1/imports/practica3/Mult_adders.vhd:73]
CRITICAL WARNING: [Synth 8-6859] multi-driven net on pin D:/Pogramas/practica3/practica3.srcs/sources_1/imports/practica3/Mult_adders.vhd-73.0 with 2nd driver pin 'GND' [D:/Pogramas/practica3/practica3.srcs/sources_1/imports/practica3/Mult_adders.vhd:73]
CRITICAL WARNING: [Synth 8-6858] multi-driven net D:/Pogramas/practica3/practica3.srcs/sources_1/imports/practica3/Mult_adders.vhd-73.0 is connected to at least one constant driver which has been preserved, other driver is ignored [D:/Pogramas/practica3/practica3.srcs/sources_1/imports/practica3/Mult_adders.vhd:73]
CRITICAL WARNING: [Synth 8-6859] multi-driven net on pin D:/Pogramas/practica3/practica3.srcs/sources_1/imports/practica3/Mult_adders.vhd-73.0 with 1st driver pin 'Mult_adders:/reg2/S[5]' [D:/Pogramas/practica3/practica3.srcs/sources_1/imports/practica3/Mult_adders.vhd:73]
CRITICAL WARNING: [Synth 8-6859] multi-driven net on pin D:/Pogramas/practica3/practica3.srcs/sources_1/imports/practica3/Mult_adders.vhd-73.0 with 2nd driver pin 'GND' [D:/Pogramas/practica3/practica3.srcs/sources_1/imports/practica3/Mult_adders.vhd:73]
CRITICAL WARNING: [Synth 8-6858] multi-driven net D:/Pogramas/practica3/practica3.srcs/sources_1/imports/practica3/Mult_adders.vhd-73.0 is connected to at least one constant driver which has been preserved, other driver is ignored [D:/Pogramas/practica3/practica3.srcs/sources_1/imports/practica3/Mult_adders.vhd:73]
CRITICAL WARNING: [Synth 8-6859] multi-driven net on pin D:/Pogramas/practica3/practica3.srcs/sources_1/imports/practica3/Mult_adders.vhd-73.0 with 1st driver pin 'Mult_adders:/reg2/S[6]' [D:/Pogramas/practica3/practica3.srcs/sources_1/imports/practica3/Mult_adders.vhd:73]
CRITICAL WARNING: [Synth 8-6859] multi-driven net on pin D:/Pogramas/practica3/practica3.srcs/sources_1/imports/practica3/Mult_adders.vhd-73.0 with 2nd driver pin 'GND' [D:/Pogramas/practica3/practica3.srcs/sources_1/imports/practica3/Mult_adders.vhd:73]
CRITICAL WARNING: [Synth 8-6858] multi-driven net D:/Pogramas/practica3/practica3.srcs/sources_1/imports/practica3/Mult_adders.vhd-73.0 is connected to at least one constant driver which has been preserved, other driver is ignored [D:/Pogramas/practica3/practica3.srcs/sources_1/imports/practica3/Mult_adders.vhd:73]
CRITICAL WARNING: [Synth 8-6859] multi-driven net on pin D:/Pogramas/practica3/practica3.srcs/sources_1/imports/practica3/Mult_adders.vhd-73.0 with 1st driver pin 'Mult_adders:/reg2/S[7]' [D:/Pogramas/practica3/practica3.srcs/sources_1/imports/practica3/Mult_adders.vhd:73]
CRITICAL WARNING: [Synth 8-6859] multi-driven net on pin D:/Pogramas/practica3/practica3.srcs/sources_1/imports/practica3/Mult_adders.vhd-73.0 with 2nd driver pin 'GND' [D:/Pogramas/practica3/practica3.srcs/sources_1/imports/practica3/Mult_adders.vhd:73]
CRITICAL WARNING: [Synth 8-6858] multi-driven net D:/Pogramas/practica3/practica3.srcs/sources_1/imports/practica3/Mult_adders.vhd-73.0 is connected to at least one constant driver which has been preserved, other driver is ignored [D:/Pogramas/practica3/practica3.srcs/sources_1/imports/practica3/Mult_adders.vhd:73]
CRITICAL WARNING: [Synth 8-6859] multi-driven net on pin D:/Pogramas/practica3/practica3.srcs/sources_1/imports/practica3/Mult_adders.vhd-67.0 with 1st driver pin 'Mult_adders:/reg2/S[0]' [D:/Pogramas/practica3/practica3.srcs/sources_1/imports/practica3/Mult_adders.vhd:67]
CRITICAL WARNING: [Synth 8-6859] multi-driven net on pin D:/Pogramas/practica3/practica3.srcs/sources_1/imports/practica3/Mult_adders.vhd-67.0 with 2nd driver pin 'GND' [D:/Pogramas/practica3/practica3.srcs/sources_1/imports/practica3/Mult_adders.vhd:67]
CRITICAL WARNING: [Synth 8-6858] multi-driven net D:/Pogramas/practica3/practica3.srcs/sources_1/imports/practica3/Mult_adders.vhd-67.0 is connected to at least one constant driver which has been preserved, other driver is ignored [D:/Pogramas/practica3/practica3.srcs/sources_1/imports/practica3/Mult_adders.vhd:67]
CRITICAL WARNING: [Synth 8-6859] multi-driven net on pin D:/Pogramas/practica3/practica3.srcs/sources_1/imports/practica3/Mult_adders.vhd-67.0 with 1st driver pin 'Mult_adders:/reg2/S[1]' [D:/Pogramas/practica3/practica3.srcs/sources_1/imports/practica3/Mult_adders.vhd:67]
CRITICAL WARNING: [Synth 8-6859] multi-driven net on pin D:/Pogramas/practica3/practica3.srcs/sources_1/imports/practica3/Mult_adders.vhd-67.0 with 2nd driver pin 'GND' [D:/Pogramas/practica3/practica3.srcs/sources_1/imports/practica3/Mult_adders.vhd:67]
CRITICAL WARNING: [Synth 8-6858] multi-driven net D:/Pogramas/practica3/practica3.srcs/sources_1/imports/practica3/Mult_adders.vhd-67.0 is connected to at least one constant driver which has been preserved, other driver is ignored [D:/Pogramas/practica3/practica3.srcs/sources_1/imports/practica3/Mult_adders.vhd:67]
CRITICAL WARNING: [Synth 8-6859] multi-driven net on pin D:/Pogramas/practica3/practica3.srcs/sources_1/imports/practica3/Mult_adders.vhd-67.0 with 1st driver pin 'Mult_adders:/reg2/S[2]' [D:/Pogramas/practica3/practica3.srcs/sources_1/imports/practica3/Mult_adders.vhd:67]
CRITICAL WARNING: [Synth 8-6859] multi-driven net on pin D:/Pogramas/practica3/practica3.srcs/sources_1/imports/practica3/Mult_adders.vhd-67.0 with 2nd driver pin 'GND' [D:/Pogramas/practica3/practica3.srcs/sources_1/imports/practica3/Mult_adders.vhd:67]
CRITICAL WARNING: [Synth 8-6858] multi-driven net D:/Pogramas/practica3/practica3.srcs/sources_1/imports/practica3/Mult_adders.vhd-67.0 is connected to at least one constant driver which has been preserved, other driver is ignored [D:/Pogramas/practica3/practica3.srcs/sources_1/imports/practica3/Mult_adders.vhd:67]
CRITICAL WARNING: [Synth 8-6859] multi-driven net on pin D:/Pogramas/practica3/practica3.srcs/sources_1/imports/practica3/Mult_adders.vhd-67.0 with 1st driver pin 'Mult_adders:/reg2/S[3]' [D:/Pogramas/practica3/practica3.srcs/sources_1/imports/practica3/Mult_adders.vhd:67]
CRITICAL WARNING: [Synth 8-6859] multi-driven net on pin D:/Pogramas/practica3/practica3.srcs/sources_1/imports/practica3/Mult_adders.vhd-67.0 with 2nd driver pin 'GND' [D:/Pogramas/practica3/practica3.srcs/sources_1/imports/practica3/Mult_adders.vhd:67]
CRITICAL WARNING: [Synth 8-6858] multi-driven net D:/Pogramas/practica3/practica3.srcs/sources_1/imports/practica3/Mult_adders.vhd-67.0 is connected to at least one constant driver which has been preserved, other driver is ignored [D:/Pogramas/practica3/practica3.srcs/sources_1/imports/practica3/Mult_adders.vhd:67]
CRITICAL WARNING: [Synth 8-6859] multi-driven net on pin D:/Pogramas/practica3/practica3.srcs/sources_1/imports/practica3/Mult_adders.vhd-67.0 with 1st driver pin 'Mult_adders:/reg2/S[4]' [D:/Pogramas/practica3/practica3.srcs/sources_1/imports/practica3/Mult_adders.vhd:67]
CRITICAL WARNING: [Synth 8-6859] multi-driven net on pin D:/Pogramas/practica3/practica3.srcs/sources_1/imports/practica3/Mult_adders.vhd-67.0 with 2nd driver pin 'GND' [D:/Pogramas/practica3/practica3.srcs/sources_1/imports/practica3/Mult_adders.vhd:67]
CRITICAL WARNING: [Synth 8-6858] multi-driven net D:/Pogramas/practica3/practica3.srcs/sources_1/imports/practica3/Mult_adders.vhd-67.0 is connected to at least one constant driver which has been preserved, other driver is ignored [D:/Pogramas/practica3/practica3.srcs/sources_1/imports/practica3/Mult_adders.vhd:67]
CRITICAL WARNING: [Synth 8-6859] multi-driven net on pin D:/Pogramas/practica3/practica3.srcs/sources_1/imports/practica3/Mult_adders.vhd-67.0 with 1st driver pin 'Mult_adders:/reg2/S[5]' [D:/Pogramas/practica3/practica3.srcs/sources_1/imports/practica3/Mult_adders.vhd:67]
CRITICAL WARNING: [Synth 8-6859] multi-driven net on pin D:/Pogramas/practica3/practica3.srcs/sources_1/imports/practica3/Mult_adders.vhd-67.0 with 2nd driver pin 'GND' [D:/Pogramas/practica3/practica3.srcs/sources_1/imports/practica3/Mult_adders.vhd:67]
CRITICAL WARNING: [Synth 8-6858] multi-driven net D:/Pogramas/practica3/practica3.srcs/sources_1/imports/practica3/Mult_adders.vhd-67.0 is connected to at least one constant driver which has been preserved, other driver is ignored [D:/Pogramas/practica3/practica3.srcs/sources_1/imports/practica3/Mult_adders.vhd:67]
CRITICAL WARNING: [Synth 8-6859] multi-driven net on pin D:/Pogramas/practica3/practica3.srcs/sources_1/imports/practica3/Mult_adders.vhd-67.0 with 1st driver pin 'Mult_adders:/reg2/S[6]' [D:/Pogramas/practica3/practica3.srcs/sources_1/imports/practica3/Mult_adders.vhd:67]
CRITICAL WARNING: [Synth 8-6859] multi-driven net on pin D:/Pogramas/practica3/practica3.srcs/sources_1/imports/practica3/Mult_adders.vhd-67.0 with 2nd driver pin 'GND' [D:/Pogramas/practica3/practica3.srcs/sources_1/imports/practica3/Mult_adders.vhd:67]
CRITICAL WARNING: [Synth 8-6858] multi-driven net D:/Pogramas/practica3/practica3.srcs/sources_1/imports/practica3/Mult_adders.vhd-67.0 is connected to at least one constant driver which has been preserved, other driver is ignored [D:/Pogramas/practica3/practica3.srcs/sources_1/imports/practica3/Mult_adders.vhd:67]
CRITICAL WARNING: [Synth 8-6859] multi-driven net on pin D:/Pogramas/practica3/practica3.srcs/sources_1/imports/practica3/Mult_adders.vhd-67.0 with 1st driver pin 'Mult_adders:/reg2/S[7]' [D:/Pogramas/practica3/practica3.srcs/sources_1/imports/practica3/Mult_adders.vhd:67]
CRITICAL WARNING: [Synth 8-6859] multi-driven net on pin D:/Pogramas/practica3/practica3.srcs/sources_1/imports/practica3/Mult_adders.vhd-67.0 with 2nd driver pin 'GND' [D:/Pogramas/practica3/practica3.srcs/sources_1/imports/practica3/Mult_adders.vhd:67]
CRITICAL WARNING: [Synth 8-6858] multi-driven net D:/Pogramas/practica3/practica3.srcs/sources_1/imports/practica3/Mult_adders.vhd-67.0 is connected to at least one constant driver which has been preserved, other driver is ignored [D:/Pogramas/practica3/practica3.srcs/sources_1/imports/practica3/Mult_adders.vhd:67]
INFO: [Synth 8-256] done synthesizing module 'Mult_adders' (3#1) [D:/Pogramas/practica3/practica3.srcs/sources_1/imports/practica3/Mult_adders.vhd:45]
---------------------------------------------------------------------------------
Finished RTL Elaboration : Time (s): cpu = 00:00:05 ; elapsed = 00:00:05 . Memory (MB): peak = 766.227 ; gain = 241.223
---------------------------------------------------------------------------------

Report Check Netlist: 
+------+------------------+-------+---------+-------+------------------+
|      |Item              |Errors |Warnings |Status |Description       |
+------+------------------+-------+---------+-------+------------------+
|1     |multi_driven_nets |      0|        0|Passed |Multi driven nets |
+------+------------------+-------+---------+-------+------------------+
---------------------------------------------------------------------------------
Start Handling Custom Attributes
---------------------------------------------------------------------------------
---------------------------------------------------------------------------------
Finished Handling Custom Attributes : Time (s): cpu = 00:00:05 ; elapsed = 00:00:05 . Memory (MB): peak = 766.227 ; gain = 241.223
---------------------------------------------------------------------------------
---------------------------------------------------------------------------------
Finished RTL Optimization Phase 1 : Time (s): cpu = 00:00:05 ; elapsed = 00:00:05 . Memory (MB): peak = 766.227 ; gain = 241.223
---------------------------------------------------------------------------------
INFO: [Project 1-570] Preparing netlist for logic optimization

Processing XDC Constraints
Initializing timing engine
Parsing XDC File [D:/Pogramas/practica3/practica3.srcs/constrs_1/imports/practica3/Basys3_Master.xdc]
INFO: [Constraints 18-483] create_clock: no pin(s)/port(s)/net(s) specified as objects, only virtual clock 'sys_clk_pin' will be created. If you don't want this, please specify pin(s)/ports(s)/net(s) as objects to the command. [D:/Pogramas/practica3/practica3.srcs/constrs_1/imports/practica3/Basys3_Master.xdc:9]
CRITICAL WARNING: [Designutils 20-1307] Command 'get_clocks{sys_clk_pin}' is not supported in the xdc constraint file. [D:/Pogramas/practica3/practica3.srcs/constrs_1/imports/practica3/Basys3_Master.xdc:11]
CRITICAL WARNING: [Designutils 20-1307] Command 'get_ports{X[0]}' is not supported in the xdc constraint file. [D:/Pogramas/practica3/practica3.srcs/constrs_1/imports/practica3/Basys3_Master.xdc:11]
CRITICAL WARNING: [Designutils 20-1307] Command 'get_clocks{sys_clk_pin}' is not supported in the xdc constraint file. [D:/Pogramas/practica3/practica3.srcs/constrs_1/imports/practica3/Basys3_Master.xdc:12]
CRITICAL WARNING: [Designutils 20-1307] Command 'get_ports{X[0]}' is not supported in the xdc constraint file. [D:/Pogramas/practica3/practica3.srcs/constrs_1/imports/practica3/Basys3_Master.xdc:12]
CRITICAL WARNING: [Designutils 20-1307] Command 'set_input_delay-clock' is not supported in the xdc constraint file. [D:/Pogramas/practica3/practica3.srcs/constrs_1/imports/practica3/Basys3_Master.xdc:14]
CRITICAL WARNING: [Designutils 20-1307] Command 'get_clocks{sys_clk_pin}' is not supported in the xdc constraint file. [D:/Pogramas/practica3/practica3.srcs/constrs_1/imports/practica3/Basys3_Master.xdc:14]
CRITICAL WARNING: [Designutils 20-1307] Command 'get_ports{X[1]}' is not supported in the xdc constraint file. [D:/Pogramas/practica3/practica3.srcs/constrs_1/imports/practica3/Basys3_Master.xdc:14]
CRITICAL WARNING: [Designutils 20-1307] Command 'set_input_delay-clock' is not supported in the xdc constraint file. [D:/Pogramas/practica3/practica3.srcs/constrs_1/imports/practica3/Basys3_Master.xdc:15]
CRITICAL WARNING: [Designutils 20-1307] Command 'get_clocks{sys_clk_pin}' is not supported in the xdc constraint file. [D:/Pogramas/practica3/practica3.srcs/constrs_1/imports/practica3/Basys3_Master.xdc:15]
CRITICAL WARNING: [Designutils 20-1307] Command 'get_ports{X[1]}' is not supported in the xdc constraint file. [D:/Pogramas/practica3/practica3.srcs/constrs_1/imports/practica3/Basys3_Master.xdc:15]
CRITICAL WARNING: [Designutils 20-1307] Command 'get_clocks{sys_clk_pin}' is not supported in the xdc constraint file. [D:/Pogramas/practica3/practica3.srcs/constrs_1/imports/practica3/Basys3_Master.xdc:17]
CRITICAL WARNING: [Designutils 20-1307] Command 'get_ports{X[2]}' is not supported in the xdc constraint file. [D:/Pogramas/practica3/practica3.srcs/constrs_1/imports/practica3/Basys3_Master.xdc:17]
CRITICAL WARNING: [Designutils 20-1307] Command 'get_clocks{sys_clk_pin}' is not supported in the xdc constraint file. [D:/Pogramas/practica3/practica3.srcs/constrs_1/imports/practica3/Basys3_Master.xdc:18]
CRITICAL WARNING: [Designutils 20-1307] Command 'get_ports{X[2]}' is not supported in the xdc constraint file. [D:/Pogramas/practica3/practica3.srcs/constrs_1/imports/practica3/Basys3_Master.xdc:18]
CRITICAL WARNING: [Designutils 20-1307] Command 'get_clocks{sys_clk_pin}' is not supported in the xdc constraint file. [D:/Pogramas/practica3/practica3.srcs/constrs_1/imports/practica3/Basys3_Master.xdc:20]
CRITICAL WARNING: [Designutils 20-1307] Command 'get_ports{X[3]}' is not supported in the xdc constraint file. [D:/Pogramas/practica3/practica3.srcs/constrs_1/imports/practica3/Basys3_Master.xdc:20]
CRITICAL WARNING: [Designutils 20-1307] Command 'get_clocks{sys_clk_pin}' is not supported in the xdc constraint file. [D:/Pogramas/practica3/practica3.srcs/constrs_1/imports/practica3/Basys3_Master.xdc:21]
CRITICAL WARNING: [Designutils 20-1307] Command 'get_ports{X[3]}' is not supported in the xdc constraint file. [D:/Pogramas/practica3/practica3.srcs/constrs_1/imports/practica3/Basys3_Master.xdc:21]
CRITICAL WARNING: [Designutils 20-1307] Command 'get_clocks{sys_clk_pin}' is not supported in the xdc constraint file. [D:/Pogramas/practica3/practica3.srcs/constrs_1/imports/practica3/Basys3_Master.xdc:23]
CRITICAL WARNING: [Designutils 20-1307] Command 'get_ports{Y[0]}' is not supported in the xdc constraint file. [D:/Pogramas/practica3/practica3.srcs/constrs_1/imports/practica3/Basys3_Master.xdc:23]
CRITICAL WARNING: [Designutils 20-1307] Command 'get_clocks{sys_clk_pin}' is not supported in the xdc constraint file. [D:/Pogramas/practica3/practica3.srcs/constrs_1/imports/practica3/Basys3_Master.xdc:24]
CRITICAL WARNING: [Designutils 20-1307] Command 'get_ports{Y[0]}' is not supported in the xdc constraint file. [D:/Pogramas/practica3/practica3.srcs/constrs_1/imports/practica3/Basys3_Master.xdc:24]
CRITICAL WARNING: [Designutils 20-1307] Command 'get_clocks{sys_clk_pin}' is not supported in the xdc constraint file. [D:/Pogramas/practica3/practica3.srcs/constrs_1/imports/practica3/Basys3_Master.xdc:26]
CRITICAL WARNING: [Designutils 20-1307] Command 'get_ports{Y[1]}' is not supported in the xdc constraint file. [D:/Pogramas/practica3/practica3.srcs/constrs_1/imports/practica3/Basys3_Master.xdc:26]
CRITICAL WARNING: [Designutils 20-1307] Command 'get_clocks{sys_clk_pin}' is not supported in the xdc constraint file. [D:/Pogramas/practica3/practica3.srcs/constrs_1/imports/practica3/Basys3_Master.xdc:27]
CRITICAL WARNING: [Designutils 20-1307] Command 'get_ports{Y[1]}' is not supported in the xdc constraint file. [D:/Pogramas/practica3/practica3.srcs/constrs_1/imports/practica3/Basys3_Master.xdc:27]
CRITICAL WARNING: [Designutils 20-1307] Command 'get_clocks{sys_clk_pin}' is not supported in the xdc constraint file. [D:/Pogramas/practica3/practica3.srcs/constrs_1/imports/practica3/Basys3_Master.xdc:29]
CRITICAL WARNING: [Designutils 20-1307] Command 'get_ports{Y[2]}' is not supported in the xdc constraint file. [D:/Pogramas/practica3/practica3.srcs/constrs_1/imports/practica3/Basys3_Master.xdc:29]
CRITICAL WARNING: [Designutils 20-1307] Command 'get_clocks{sys_clk_pin}' is not supported in the xdc constraint file. [D:/Pogramas/practica3/practica3.srcs/constrs_1/imports/practica3/Basys3_Master.xdc:30]
CRITICAL WARNING: [Designutils 20-1307] Command 'get_ports{Y[2]}' is not supported in the xdc constraint file. [D:/Pogramas/practica3/practica3.srcs/constrs_1/imports/practica3/Basys3_Master.xdc:30]
CRITICAL WARNING: [Designutils 20-1307] Command 'get_clocks{sys_clk_pin}' is not supported in the xdc constraint file. [D:/Pogramas/practica3/practica3.srcs/constrs_1/imports/practica3/Basys3_Master.xdc:32]
CRITICAL WARNING: [Designutils 20-1307] Command 'get_ports{Y[3]}' is not supported in the xdc constraint file. [D:/Pogramas/practica3/practica3.srcs/constrs_1/imports/practica3/Basys3_Master.xdc:32]
CRITICAL WARNING: [Designutils 20-1307] Command 'get_clocks{sys_clk_pin}' is not supported in the xdc constraint file. [D:/Pogramas/practica3/practica3.srcs/constrs_1/imports/practica3/Basys3_Master.xdc:33]
CRITICAL WARNING: [Designutils 20-1307] Command 'get_ports{Y[3]}' is not supported in the xdc constraint file. [D:/Pogramas/practica3/practica3.srcs/constrs_1/imports/practica3/Basys3_Master.xdc:33]
CRITICAL WARNING: [Designutils 20-1307] Command 'get_clocks{sys_clk_pin}' is not supported in the xdc constraint file. [D:/Pogramas/practica3/practica3.srcs/constrs_1/imports/practica3/Basys3_Master.xdc:35]
CRITICAL WARNING: [Designutils 20-1307] Command 'get_ports{Z[0]}' is not supported in the xdc constraint file. [D:/Pogramas/practica3/practica3.srcs/constrs_1/imports/practica3/Basys3_Master.xdc:35]
CRITICAL WARNING: [Designutils 20-1307] Command 'get_clocks{sys_clk_pin}' is not supported in the xdc constraint file. [D:/Pogramas/practica3/practica3.srcs/constrs_1/imports/practica3/Basys3_Master.xdc:36]
CRITICAL WARNING: [Designutils 20-1307] Command 'get_ports{Z[0]}' is not supported in the xdc constraint file. [D:/Pogramas/practica3/practica3.srcs/constrs_1/imports/practica3/Basys3_Master.xdc:36]
CRITICAL WARNING: [Designutils 20-1307] Command 'get_clocks{sys_clk_pin}' is not supported in the xdc constraint file. [D:/Pogramas/practica3/practica3.srcs/constrs_1/imports/practica3/Basys3_Master.xdc:38]
CRITICAL WARNING: [Designutils 20-1307] Command 'get_ports{Z[1]}' is not supported in the xdc constraint file. [D:/Pogramas/practica3/practica3.srcs/constrs_1/imports/practica3/Basys3_Master.xdc:38]
CRITICAL WARNING: [Designutils 20-1307] Command 'get_clocks{sys_clk_pin}' is not supported in the xdc constraint file. [D:/Pogramas/practica3/practica3.srcs/constrs_1/imports/practica3/Basys3_Master.xdc:39]
CRITICAL WARNING: [Designutils 20-1307] Command 'get_ports{Z[1]}' is not supported in the xdc constraint file. [D:/Pogramas/practica3/practica3.srcs/constrs_1/imports/practica3/Basys3_Master.xdc:39]
CRITICAL WARNING: [Designutils 20-1307] Command 'get_clocks{sys_clk_pin}' is not supported in the xdc constraint file. [D:/Pogramas/practica3/practica3.srcs/constrs_1/imports/practica3/Basys3_Master.xdc:41]
CRITICAL WARNING: [Designutils 20-1307] Command 'get_ports{Z[2]}' is not supported in the xdc constraint file. [D:/Pogramas/practica3/practica3.srcs/constrs_1/imports/practica3/Basys3_Master.xdc:41]
CRITICAL WARNING: [Designutils 20-1307] Command 'get_clocks{sys_clk_pin}' is not supported in the xdc constraint file. [D:/Pogramas/practica3/practica3.srcs/constrs_1/imports/practica3/Basys3_Master.xdc:42]
CRITICAL WARNING: [Designutils 20-1307] Command 'get_ports{Z[2]}' is not supported in the xdc constraint file. [D:/Pogramas/practica3/practica3.srcs/constrs_1/imports/practica3/Basys3_Master.xdc:42]
CRITICAL WARNING: [Designutils 20-1307] Command 'get_clocks{sys_clk_pin}' is not supported in the xdc constraint file. [D:/Pogramas/practica3/practica3.srcs/constrs_1/imports/practica3/Basys3_Master.xdc:44]
CRITICAL WARNING: [Designutils 20-1307] Command 'get_ports{Z[3]}' is not supported in the xdc constraint file. [D:/Pogramas/practica3/practica3.srcs/constrs_1/imports/practica3/Basys3_Master.xdc:44]
CRITICAL WARNING: [Designutils 20-1307] Command 'get_clocks{sys_clk_pin}' is not supported in the xdc constraint file. [D:/Pogramas/practica3/practica3.srcs/constrs_1/imports/practica3/Basys3_Master.xdc:45]
CRITICAL WARNING: [Designutils 20-1307] Command 'get_ports{Z[3]}' is not supported in the xdc constraint file. [D:/Pogramas/practica3/practica3.srcs/constrs_1/imports/practica3/Basys3_Master.xdc:45]
CRITICAL WARNING: [Designutils 20-1307] Command 'get_clocks{sys_clk_pin}' is not supported in the xdc constraint file. [D:/Pogramas/practica3/practica3.srcs/constrs_1/imports/practica3/Basys3_Master.xdc:47]
CRITICAL WARNING: [Designutils 20-1307] Command 'get_ports{Z[4]}' is not supported in the xdc constraint file. [D:/Pogramas/practica3/practica3.srcs/constrs_1/imports/practica3/Basys3_Master.xdc:47]
CRITICAL WARNING: [Designutils 20-1307] Command 'get_clocks{sys_clk_pin}' is not supported in the xdc constraint file. [D:/Pogramas/practica3/practica3.srcs/constrs_1/imports/practica3/Basys3_Master.xdc:48]
CRITICAL WARNING: [Designutils 20-1307] Command 'get_ports{Z[4]}' is not supported in the xdc constraint file. [D:/Pogramas/practica3/practica3.srcs/constrs_1/imports/practica3/Basys3_Master.xdc:48]
CRITICAL WARNING: [Designutils 20-1307] Command 'get_clocks{sys_clk_pin}' is not supported in the xdc constraint file. [D:/Pogramas/practica3/practica3.srcs/constrs_1/imports/practica3/Basys3_Master.xdc:50]
CRITICAL WARNING: [Designutils 20-1307] Command 'get_ports{Z[5]}' is not supported in the xdc constraint file. [D:/Pogramas/practica3/practica3.srcs/constrs_1/imports/practica3/Basys3_Master.xdc:50]
CRITICAL WARNING: [Designutils 20-1307] Command 'get_clocks{sys_clk_pin}' is not supported in the xdc constraint file. [D:/Pogramas/practica3/practica3.srcs/constrs_1/imports/practica3/Basys3_Master.xdc:51]
CRITICAL WARNING: [Designutils 20-1307] Command 'get_ports{Z[5]}' is not supported in the xdc constraint file. [D:/Pogramas/practica3/practica3.srcs/constrs_1/imports/practica3/Basys3_Master.xdc:51]
CRITICAL WARNING: [Designutils 20-1307] Command 'get_clocks{sys_clk_pin}' is not supported in the xdc constraint file. [D:/Pogramas/practica3/practica3.srcs/constrs_1/imports/practica3/Basys3_Master.xdc:53]
CRITICAL WARNING: [Designutils 20-1307] Command 'get_ports{Z[6]}' is not supported in the xdc constraint file. [D:/Pogramas/practica3/practica3.srcs/constrs_1/imports/practica3/Basys3_Master.xdc:53]
CRITICAL WARNING: [Designutils 20-1307] Command 'get_clocks{sys_clk_pin}' is not supported in the xdc constraint file. [D:/Pogramas/practica3/practica3.srcs/constrs_1/imports/practica3/Basys3_Master.xdc:54]
CRITICAL WARNING: [Designutils 20-1307] Command 'get_ports{Z[6]}' is not supported in the xdc constraint file. [D:/Pogramas/practica3/practica3.srcs/constrs_1/imports/practica3/Basys3_Master.xdc:54]
CRITICAL WARNING: [Designutils 20-1307] Command 'get_clocks{sys_clk_pin}' is not supported in the xdc constraint file. [D:/Pogramas/practica3/practica3.srcs/constrs_1/imports/practica3/Basys3_Master.xdc:56]
CRITICAL WARNING: [Designutils 20-1307] Command 'get_ports{Z[7]}' is not supported in the xdc constraint file. [D:/Pogramas/practica3/practica3.srcs/constrs_1/imports/practica3/Basys3_Master.xdc:56]
CRITICAL WARNING: [Designutils 20-1307] Command 'get_clocks{sys_clk_pin}' is not supported in the xdc constraint file. [D:/Pogramas/practica3/practica3.srcs/constrs_1/imports/practica3/Basys3_Master.xdc:57]
CRITICAL WARNING: [Designutils 20-1307] Command 'get_ports{Z[7]}' is not supported in the xdc constraint file. [D:/Pogramas/practica3/practica3.srcs/constrs_1/imports/practica3/Basys3_Master.xdc:57]
Finished Parsing XDC File [D:/Pogramas/practica3/practica3.srcs/constrs_1/imports/practica3/Basys3_Master.xdc]
INFO: [Project 1-236] Implementation specific constraints were found while reading constraint file [D:/Pogramas/practica3/practica3.srcs/constrs_1/imports/practica3/Basys3_Master.xdc]. These constraints will be ignored for synthesis but will be used in implementation. Impacted constraints are listed in the file [.Xil/Mult_adders_propImpl.xdc].
Resolution: To avoid this warning, move constraints listed in [.Xil/Mult_adders_propImpl.xdc] to another XDC file and exclude this new file from synthesis with the used_in_synthesis property (File Properties dialog in GUI) and re-run elaboration/synthesis.
Completed Processing XDC Constraints

Netlist sorting complete. Time (s): cpu = 00:00:00 ; elapsed = 00:00:00 . Memory (MB): peak = 879.945 ; gain = 0.000
INFO: [Project 1-111] Unisim Transformation Summary:
No Unisim elements were transformed.

Constraint Validation Runtime : Time (s): cpu = 00:00:00 ; elapsed = 00:00:00.002 . Memory (MB): peak = 879.945 ; gain = 0.000
---------------------------------------------------------------------------------
Finished Constraint Validation : Time (s): cpu = 00:00:11 ; elapsed = 00:00:12 . Memory (MB): peak = 879.945 ; gain = 354.941
---------------------------------------------------------------------------------
---------------------------------------------------------------------------------
Start Loading Part and Timing Information
---------------------------------------------------------------------------------
Loading part: xc7a35tcpg236-1
---------------------------------------------------------------------------------
Finished Loading Part and Timing Information : Time (s): cpu = 00:00:11 ; elapsed = 00:00:12 . Memory (MB): peak = 879.945 ; gain = 354.941
---------------------------------------------------------------------------------
---------------------------------------------------------------------------------
Start Applying 'set_property' XDC Constraints
---------------------------------------------------------------------------------
---------------------------------------------------------------------------------
Finished applying 'set_property' XDC Constraints : Time (s): cpu = 00:00:11 ; elapsed = 00:00:12 . Memory (MB): peak = 879.945 ; gain = 354.941
---------------------------------------------------------------------------------
---------------------------------------------------------------------------------
Finished RTL Optimization Phase 2 : Time (s): cpu = 00:00:11 ; elapsed = 00:00:12 . Memory (MB): peak = 879.945 ; gain = 354.941
---------------------------------------------------------------------------------

Report RTL Partitions: 
+-+--------------+------------+----------+
| |RTL Partition |Replication |Instances |
+-+--------------+------------+----------+
+-+--------------+------------+----------+
---------------------------------------------------------------------------------
Start RTL Component Statistics 
---------------------------------------------------------------------------------
Detailed RTL Component Info : 
+---Adders : 
	   2 Input      8 Bit       Adders := 3     
+---Registers : 
	                8 Bit    Registers := 5     
---------------------------------------------------------------------------------
Finished RTL Component Statistics 
---------------------------------------------------------------------------------
---------------------------------------------------------------------------------
Start RTL Hierarchical Component Statistics 
---------------------------------------------------------------------------------
Hierarchical RTL Component report 
Module adder4b 
Detailed RTL Component Info : 
+---Adders : 
	   2 Input      8 Bit       Adders := 1     
Module registro 
Detailed RTL Component Info : 
+---Registers : 
	                8 Bit    Registers := 1     
---------------------------------------------------------------------------------
Finished RTL Hierarchical Component Statistics
---------------------------------------------------------------------------------
---------------------------------------------------------------------------------
Start Part Resource Summary
---------------------------------------------------------------------------------
Part Resources:
DSPs: 90 (col length:60)
BRAMs: 100 (col length: RAMB18 60 RAMB36 30)
---------------------------------------------------------------------------------
Finished Part Resource Summary
---------------------------------------------------------------------------------
---------------------------------------------------------------------------------
Start Cross Boundary and Area Optimization
---------------------------------------------------------------------------------
Warning: Parallel synthesis criteria is not met 
CRITICAL WARNING: [Synth 8-6859] multi-driven net on pin Q with 1st driver pin 'reg1/S_reg[7]/Q' [D:/Pogramas/practica3/practica3.srcs/sources_1/imports/practica3/registro.vhd:22]
CRITICAL WARNING: [Synth 8-6859] multi-driven net on pin Q with 2nd driver pin 'GND' [D:/Pogramas/practica3/practica3.srcs/sources_1/imports/practica3/registro.vhd:22]
CRITICAL WARNING: [Synth 8-6858] multi-driven net Q is connected to at least one constant driver which has been preserved, other driver is ignored [D:/Pogramas/practica3/practica3.srcs/sources_1/imports/practica3/registro.vhd:22]
CRITICAL WARNING: [Synth 8-6859] multi-driven net on pin Q with 1st driver pin 'reg1/S_reg[6]/Q' [D:/Pogramas/practica3/practica3.srcs/sources_1/imports/practica3/registro.vhd:22]
CRITICAL WARNING: [Synth 8-6859] multi-driven net on pin Q with 2nd driver pin 'GND' [D:/Pogramas/practica3/practica3.srcs/sources_1/imports/practica3/registro.vhd:22]
INFO: [Common 17-14] Message 'Synth 8-6859' appears 100 times and further instances of the messages will be disabled. Use the Tcl command set_msg_config to change the current settings.
CRITICAL WARNING: [Synth 8-6858] multi-driven net Q is connected to at least one constant driver which has been preserved, other driver is ignored [D:/Pogramas/practica3/practica3.srcs/sources_1/imports/practica3/registro.vhd:22]
CRITICAL WARNING: [Synth 8-6858] multi-driven net Q is connected to at least one constant driver which has been preserved, other driver is ignored [D:/Pogramas/practica3/practica3.srcs/sources_1/imports/practica3/registro.vhd:22]
CRITICAL WARNING: [Synth 8-6858] multi-driven net Q is connected to at least one constant driver which has been preserved, other driver is ignored [D:/Pogramas/practica3/practica3.srcs/sources_1/imports/practica3/registro.vhd:22]
CRITICAL WARNING: [Synth 8-6858] multi-driven net Q is connected to at least one constant driver which has been preserved, other driver is ignored [D:/Pogramas/practica3/practica3.srcs/sources_1/imports/practica3/registro.vhd:22]
CRITICAL WARNING: [Synth 8-6858] multi-driven net Q is connected to at least one constant driver which has been preserved, other driver is ignored [D:/Pogramas/practica3/practica3.srcs/sources_1/imports/practica3/registro.vhd:22]
CRITICAL WARNING: [Synth 8-6858] multi-driven net Q is connected to at least one constant driver which has been preserved, other driver is ignored [D:/Pogramas/practica3/practica3.srcs/sources_1/imports/practica3/registro.vhd:22]
CRITICAL WARNING: [Synth 8-6858] multi-driven net Q is connected to at least one constant driver which has been preserved, other driver is ignored [D:/Pogramas/practica3/practica3.srcs/sources_1/imports/practica3/registro.vhd:22]
CRITICAL WARNING: [Synth 8-6858] multi-driven net S[7] is connected to at least one constant driver which has been preserved, other driver is ignored [D:/Pogramas/practica3/practica3.srcs/sources_1/imports/practica3/registro.vhd:22]
CRITICAL WARNING: [Synth 8-6858] multi-driven net S[6] is connected to at least one constant driver which has been preserved, other driver is ignored [D:/Pogramas/practica3/practica3.srcs/sources_1/imports/practica3/registro.vhd:22]
CRITICAL WARNING: [Synth 8-6858] multi-driven net S[5] is connected to at least one constant driver which has been preserved, other driver is ignored [D:/Pogramas/practica3/practica3.srcs/sources_1/imports/practica3/registro.vhd:22]
CRITICAL WARNING: [Synth 8-6858] multi-driven net S[4] is connected to at least one constant driver which has been preserved, other driver is ignored [D:/Pogramas/practica3/practica3.srcs/sources_1/imports/practica3/registro.vhd:22]
CRITICAL WARNING: [Synth 8-6858] multi-driven net S[3] is connected to at least one constant driver which has been preserved, other driver is ignored [D:/Pogramas/practica3/practica3.srcs/sources_1/imports/practica3/registro.vhd:22]
CRITICAL WARNING: [Synth 8-6858] multi-driven net S[2] is connected to at least one constant driver which has been preserved, other driver is ignored [D:/Pogramas/practica3/practica3.srcs/sources_1/imports/practica3/registro.vhd:22]
CRITICAL WARNING: [Synth 8-6858] multi-driven net S[1] is connected to at least one constant driver which has been preserved, other driver is ignored [D:/Pogramas/practica3/practica3.srcs/sources_1/imports/practica3/registro.vhd:22]
CRITICAL WARNING: [Synth 8-6858] multi-driven net S[0] is connected to at least one constant driver which has been preserved, other driver is ignored [D:/Pogramas/practica3/practica3.srcs/sources_1/imports/practica3/registro.vhd:22]
CRITICAL WARNING: [Synth 8-6858] multi-driven net S[7] is connected to at least one constant driver which has been preserved, other driver is ignored [D:/Pogramas/practica3/practica3.srcs/sources_1/imports/practica3/registro.vhd:22]
CRITICAL WARNING: [Synth 8-6858] multi-driven net S[6] is connected to at least one constant driver which has been preserved, other driver is ignored [D:/Pogramas/practica3/practica3.srcs/sources_1/imports/practica3/registro.vhd:22]
CRITICAL WARNING: [Synth 8-6858] multi-driven net S[5] is connected to at least one constant driver which has been preserved, other driver is ignored [D:/Pogramas/practica3/practica3.srcs/sources_1/imports/practica3/registro.vhd:22]
CRITICAL WARNING: [Synth 8-6858] multi-driven net S[4] is connected to at least one constant driver which has been preserved, other driver is ignored [D:/Pogramas/practica3/practica3.srcs/sources_1/imports/practica3/registro.vhd:22]
CRITICAL WARNING: [Synth 8-6858] multi-driven net S[3] is connected to at least one constant driver which has been preserved, other driver is ignored [D:/Pogramas/practica3/practica3.srcs/sources_1/imports/practica3/registro.vhd:22]
CRITICAL WARNING: [Synth 8-6858] multi-driven net S[2] is connected to at least one constant driver which has been preserved, other driver is ignored [D:/Pogramas/practica3/practica3.srcs/sources_1/imports/practica3/registro.vhd:22]
CRITICAL WARNING: [Synth 8-6858] multi-driven net S[1] is connected to at least one constant driver which has been preserved, other driver is ignored [D:/Pogramas/practica3/practica3.srcs/sources_1/imports/practica3/registro.vhd:22]
CRITICAL WARNING: [Synth 8-6858] multi-driven net S[0] is connected to at least one constant driver which has been preserved, other driver is ignored [D:/Pogramas/practica3/practica3.srcs/sources_1/imports/practica3/registro.vhd:22]
CRITICAL WARNING: [Synth 8-6858] multi-driven net E[7] is connected to at least one constant driver which has been preserved, other driver is ignored [D:/Pogramas/practica3/practica3.srcs/sources_1/imports/practica3/registro.vhd:22]
CRITICAL WARNING: [Synth 8-6858] multi-driven net E[6] is connected to at least one constant driver which has been preserved, other driver is ignored [D:/Pogramas/practica3/practica3.srcs/sources_1/imports/practica3/registro.vhd:22]
CRITICAL WARNING: [Synth 8-6858] multi-driven net E[5] is connected to at least one constant driver which has been preserved, other driver is ignored [D:/Pogramas/practica3/practica3.srcs/sources_1/imports/practica3/registro.vhd:22]
CRITICAL WARNING: [Synth 8-6858] multi-driven net E[4] is connected to at least one constant driver which has been preserved, other driver is ignored [D:/Pogramas/practica3/practica3.srcs/sources_1/imports/practica3/registro.vhd:22]
CRITICAL WARNING: [Synth 8-6858] multi-driven net E[3] is connected to at least one constant driver which has been preserved, other driver is ignored [D:/Pogramas/practica3/practica3.srcs/sources_1/imports/practica3/registro.vhd:22]
CRITICAL WARNING: [Synth 8-6858] multi-driven net E[2] is connected to at least one constant driver which has been preserved, other driver is ignored [D:/Pogramas/practica3/practica3.srcs/sources_1/imports/practica3/registro.vhd:22]
CRITICAL WARNING: [Synth 8-6858] multi-driven net E[1] is connected to at least one constant driver which has been preserved, other driver is ignored [D:/Pogramas/practica3/practica3.srcs/sources_1/imports/practica3/registro.vhd:22]
CRITICAL WARNING: [Synth 8-6858] multi-driven net E[0] is connected to at least one constant driver which has been preserved, other driver is ignored [D:/Pogramas/practica3/practica3.srcs/sources_1/imports/practica3/registro.vhd:22]
CRITICAL WARNING: [Synth 8-6858] multi-driven net S[4] is connected to at least one constant driver which has been preserved, other driver is ignored [D:/Pogramas/practica3/practica3.srcs/sources_1/imports/practica3/Mult_adders.vhd:72]
CRITICAL WARNING: [Synth 8-6858] multi-driven net S[3] is connected to at least one constant driver which has been preserved, other driver is ignored [D:/Pogramas/practica3/practica3.srcs/sources_1/imports/practica3/Mult_adders.vhd:72]
CRITICAL WARNING: [Synth 8-6858] multi-driven net S[2] is connected to at least one constant driver which has been preserved, other driver is ignored [D:/Pogramas/practica3/practica3.srcs/sources_1/imports/practica3/Mult_adders.vhd:72]
CRITICAL WARNING: [Synth 8-6858] multi-driven net S[1] is connected to at least one constant driver which has been preserved, other driver is ignored [D:/Pogramas/practica3/practica3.srcs/sources_1/imports/practica3/Mult_adders.vhd:72]
CRITICAL WARNING: [Synth 8-6858] multi-driven net X_u102_out[3] is connected to at least one constant driver which has been preserved, other driver is ignored [D:/Pogramas/practica3/practica3.srcs/sources_1/imports/practica3/Mult_adders.vhd:66]
CRITICAL WARNING: [Synth 8-6858] multi-driven net X_u102_out[2] is connected to at least one constant driver which has been preserved, other driver is ignored [D:/Pogramas/practica3/practica3.srcs/sources_1/imports/practica3/Mult_adders.vhd:66]
CRITICAL WARNING: [Synth 8-6858] multi-driven net X_u102_out[1] is connected to at least one constant driver which has been preserved, other driver is ignored [D:/Pogramas/practica3/practica3.srcs/sources_1/imports/practica3/Mult_adders.vhd:66]
CRITICAL WARNING: [Synth 8-6858] multi-driven net X_u102_out[0] is connected to at least one constant driver which has been preserved, other driver is ignored [D:/Pogramas/practica3/practica3.srcs/sources_1/imports/practica3/Mult_adders.vhd:66]
CRITICAL WARNING: [Synth 8-6858] multi-driven net X_u10[3] is connected to at least one constant driver which has been preserved, other driver is ignored [D:/Pogramas/practica3/practica3.srcs/sources_1/imports/practica3/Mult_adders.vhd:61]
CRITICAL WARNING: [Synth 8-6858] multi-driven net X_u10[2] is connected to at least one constant driver which has been preserved, other driver is ignored [D:/Pogramas/practica3/practica3.srcs/sources_1/imports/practica3/Mult_adders.vhd:61]
CRITICAL WARNING: [Synth 8-6858] multi-driven net X_u10[1] is connected to at least one constant driver which has been preserved, other driver is ignored [D:/Pogramas/practica3/practica3.srcs/sources_1/imports/practica3/Mult_adders.vhd:61]
CRITICAL WARNING: [Synth 8-6858] multi-driven net X_u10[0] is connected to at least one constant driver which has been preserved, other driver is ignored [D:/Pogramas/practica3/practica3.srcs/sources_1/imports/practica3/Mult_adders.vhd:61]
---------------------------------------------------------------------------------
Finished Cross Boundary and Area Optimization : Time (s): cpu = 00:00:13 ; elapsed = 00:00:13 . Memory (MB): peak = 879.945 ; gain = 354.941
---------------------------------------------------------------------------------

Report RTL Partitions: 
+-+--------------+------------+----------+
| |RTL Partition |Replication |Instances |
+-+--------------+------------+----------+
+-+--------------+------------+----------+
---------------------------------------------------------------------------------
Start Applying XDC Timing Constraints
---------------------------------------------------------------------------------
---------------------------------------------------------------------------------
Finished Applying XDC Timing Constraints : Time (s): cpu = 00:00:21 ; elapsed = 00:00:21 . Memory (MB): peak = 879.945 ; gain = 354.941
---------------------------------------------------------------------------------
---------------------------------------------------------------------------------
Start Timing Optimization
---------------------------------------------------------------------------------
---------------------------------------------------------------------------------
Finished Timing Optimization : Time (s): cpu = 00:00:21 ; elapsed = 00:00:21 . Memory (MB): peak = 879.945 ; gain = 354.941
---------------------------------------------------------------------------------

Report RTL Partitions: 
+-+--------------+------------+----------+
| |RTL Partition |Replication |Instances |
+-+--------------+------------+----------+
+-+--------------+------------+----------+
---------------------------------------------------------------------------------
Start Technology Mapping
---------------------------------------------------------------------------------
---------------------------------------------------------------------------------
Finished Technology Mapping : Time (s): cpu = 00:00:21 ; elapsed = 00:00:21 . Memory (MB): peak = 879.945 ; gain = 354.941
---------------------------------------------------------------------------------

Report RTL Partitions: 
+-+--------------+------------+----------+
| |RTL Partition |Replication |Instances |
+-+--------------+------------+----------+
+-+--------------+------------+----------+
---------------------------------------------------------------------------------
Start IO Insertion
---------------------------------------------------------------------------------
---------------------------------------------------------------------------------
Start Flattening Before IO Insertion
---------------------------------------------------------------------------------
---------------------------------------------------------------------------------
Finished Flattening Before IO Insertion
---------------------------------------------------------------------------------
---------------------------------------------------------------------------------
Start Final Netlist Cleanup
---------------------------------------------------------------------------------
---------------------------------------------------------------------------------
Finished Final Netlist Cleanup
---------------------------------------------------------------------------------
---------------------------------------------------------------------------------
Finished IO Insertion : Time (s): cpu = 00:00:23 ; elapsed = 00:00:23 . Memory (MB): peak = 879.945 ; gain = 354.941
---------------------------------------------------------------------------------

Report Check Netlist: 
+------+------------------+-------+---------+-------+------------------+
|      |Item              |Errors |Warnings |Status |Description       |
+------+------------------+-------+---------+-------+------------------+
|1     |multi_driven_nets |      0|        0|Passed |Multi driven nets |
+------+------------------+-------+---------+-------+------------------+
---------------------------------------------------------------------------------
Start Renaming Generated Instances
---------------------------------------------------------------------------------
---------------------------------------------------------------------------------
Finished Renaming Generated Instances : Time (s): cpu = 00:00:23 ; elapsed = 00:00:23 . Memory (MB): peak = 879.945 ; gain = 354.941
---------------------------------------------------------------------------------

Report RTL Partitions: 
+-+--------------+------------+----------+
| |RTL Partition |Replication |Instances |
+-+--------------+------------+----------+
+-+--------------+------------+----------+
---------------------------------------------------------------------------------
Start Rebuilding User Hierarchy
---------------------------------------------------------------------------------
---------------------------------------------------------------------------------
Finished Rebuilding User Hierarchy : Time (s): cpu = 00:00:23 ; elapsed = 00:00:23 . Memory (MB): peak = 879.945 ; gain = 354.941
---------------------------------------------------------------------------------
---------------------------------------------------------------------------------
Start Renaming Generated Ports
---------------------------------------------------------------------------------
---------------------------------------------------------------------------------
Finished Renaming Generated Ports : Time (s): cpu = 00:00:23 ; elapsed = 00:00:23 . Memory (MB): peak = 879.945 ; gain = 354.941
---------------------------------------------------------------------------------
---------------------------------------------------------------------------------
Start Handling Custom Attributes
---------------------------------------------------------------------------------
---------------------------------------------------------------------------------
Finished Handling Custom Attributes : Time (s): cpu = 00:00:23 ; elapsed = 00:00:23 . Memory (MB): peak = 879.945 ; gain = 354.941
---------------------------------------------------------------------------------
---------------------------------------------------------------------------------
Start Renaming Generated Nets
---------------------------------------------------------------------------------
---------------------------------------------------------------------------------
Finished Renaming Generated Nets : Time (s): cpu = 00:00:23 ; elapsed = 00:00:23 . Memory (MB): peak = 879.945 ; gain = 354.941
---------------------------------------------------------------------------------
---------------------------------------------------------------------------------
Start Writing Synthesis Report
---------------------------------------------------------------------------------

Report BlackBoxes: 
+-+--------------+----------+
| |BlackBox name |Instances |
+-+--------------+----------+
+-+--------------+----------+

Report Cell Usage: 
+------+-----+------+
|      |Cell |Count |
+------+-----+------+
|1     |OBUF |     8|
+------+-----+------+

Report Instance Areas: 
+------+---------+-------+------+
|      |Instance |Module |Cells |
+------+---------+-------+------+
|1     |top      |       |     8|
+------+---------+-------+------+
---------------------------------------------------------------------------------
Finished Writing Synthesis Report : Time (s): cpu = 00:00:23 ; elapsed = 00:00:23 . Memory (MB): peak = 879.945 ; gain = 354.941
---------------------------------------------------------------------------------
Synthesis finished with 0 errors, 132 critical warnings and 0 warnings.
Synthesis Optimization Runtime : Time (s): cpu = 00:00:16 ; elapsed = 00:00:21 . Memory (MB): peak = 879.945 ; gain = 241.223
Synthesis Optimization Complete : Time (s): cpu = 00:00:23 ; elapsed = 00:00:23 . Memory (MB): peak = 879.945 ; gain = 354.941
INFO: [Project 1-571] Translating synthesized netlist
INFO: [Project 1-570] Preparing netlist for logic optimization
INFO: [Opt 31-138] Pushed 0 inverter(s) to 0 load pin(s).
Netlist sorting complete. Time (s): cpu = 00:00:00 ; elapsed = 00:00:00 . Memory (MB): peak = 884.289 ; gain = 0.000
INFO: [Project 1-111] Unisim Transformation Summary:
No Unisim elements were transformed.

INFO: [Common 17-83] Releasing license: Synthesis
26 Infos, 0 Warnings, 258 Critical Warnings and 0 Errors encountered.
synth_design completed successfully
synth_design: Time (s): cpu = 00:00:28 ; elapsed = 00:00:30 . Memory (MB): peak = 884.289 ; gain = 584.660
Netlist sorting complete. Time (s): cpu = 00:00:00 ; elapsed = 00:00:00 . Memory (MB): peak = 884.289 ; gain = 0.000
WARNING: [Constraints 18-5210] No constraints selected for write.
Resolution: This message can indicate that there are no constraints for the design, or it can indicate that the used_in flags are set such that the constraints are ignored. This later case is used when running synth_design to not write synthesis constraints to the resulting checkpoint. Instead, project constraints are read when the synthesized design is opened.
INFO: [Common 17-1381] The checkpoint 'D:/Pogramas/practica3/practica3.runs/synth_1/Mult_adders.dcp' has been generated.
INFO: [runtcl-4] Executing : report_utilization -file Mult_adders_utilization_synth.rpt -pb Mult_adders_utilization_synth.pb
INFO: [Common 17-206] Exiting Vivado at Wed Nov 25 17:26:48 2020...
