#-----------------------------------------------------------
# Vivado v2019.1 (64-bit)
# SW Build 2552052 on Fri May 24 14:49:42 MDT 2019
# IP Build 2548770 on Fri May 24 18:01:18 MDT 2019
# Start of session at: Sat Dec 11 16:47:25 2021
# Process ID: 15056
# Current directory: I:/mis cosas/Pogramas/Practica6
# Command line: vivado.exe -gui_launcher_event rodinguilauncherevent18744 I:\mis cosas\Pogramas\Practica6\Practica6.xpr
# Log file: I:/mis cosas/Pogramas/Practica6/vivado.log
# Journal file: I:/mis cosas/Pogramas/Practica6\vivado.jou
#-----------------------------------------------------------
start_gui
open_project {I:/mis cosas/Pogramas/Practica6/Practica6.xpr}
INFO: [Project 1-313] Project file moved from 'D:/Pogramas/Practica6' since last save.
CRITICAL WARNING: [Project 1-311] Could not find the file 'I:/mis cosas/Descargas/examenCASA.coe', nor could it be found using path 'D:/Descargas/examenCASA.coe'.
Scanning sources...
Finished scanning sources
WARNING: [filemgmt 56-2] Board Part Repository Path: Could not find the directory 'I:/../Users/Carlos/AppData/Roaming/Xilinx/Vivado/2019.1/xhub/board_store', nor could it be found using path 'D:/../../Users/Carlos/AppData/Roaming/Xilinx/Vivado/2019.1/xhub/board_store'.
INFO: [IP_Flow 19-234] Refreshing IP repositories
INFO: [IP_Flow 19-1704] No user IP repositories specified
INFO: [IP_Flow 19-2313] Loaded Vivado IP repository 'C:/Xilinx/Vivado/2019.1/data/ip'.
WARNING: [IP_Flow 19-3664] IP 'mem32x512' generated file not found 'i:/mis cosas/Pogramas/Practica6/Practica6.srcs/sources_1/ip/mem32x512/mem32x512.dcp'. Please regenerate to continue.
WARNING: [IP_Flow 19-3664] IP 'mem32x512' generated file not found 'i:/mis cosas/Pogramas/Practica6/Practica6.srcs/sources_1/ip/mem32x512/mem32x512_stub.v'. Please regenerate to continue.
WARNING: [IP_Flow 19-3664] IP 'mem32x512' generated file not found 'i:/mis cosas/Pogramas/Practica6/Practica6.srcs/sources_1/ip/mem32x512/mem32x512_stub.vhdl'. Please regenerate to continue.
WARNING: [IP_Flow 19-3664] IP 'mem32x512' generated file not found 'i:/mis cosas/Pogramas/Practica6/Practica6.srcs/sources_1/ip/mem32x512/mem32x512_sim_netlist.v'. Please regenerate to continue.
WARNING: [IP_Flow 19-3664] IP 'mem32x512' generated file not found 'i:/mis cosas/Pogramas/Practica6/Practica6.srcs/sources_1/ip/mem32x512/mem32x512_sim_netlist.vhdl'. Please regenerate to continue.
open_project: Time (s): cpu = 00:00:15 ; elapsed = 00:00:09 . Memory (MB): peak = 698.582 ; gain = 99.738
update_compile_order -fileset sources_1
exit
INFO: [Common 17-206] Exiting Vivado at Sat Dec 11 16:55:01 2021...
