#-----------------------------------------------------------
# Vivado v2019.1 (64-bit)
# SW Build 2552052 on Fri May 24 14:49:42 MDT 2019
# IP Build 2548770 on Fri May 24 18:01:18 MDT 2019
# Start of session at: Wed Oct  6 19:24:38 2021
# Process ID: 18408
# Current directory: I:/mis cosas/Pogramas/Practica_2
# Command line: vivado.exe -gui_launcher_event rodinguilauncherevent13000 I:\mis cosas\Pogramas\Practica_2\Practica_2.xpr
# Log file: I:/mis cosas/Pogramas/Practica_2/vivado.log
# Journal file: I:/mis cosas/Pogramas/Practica_2\vivado.jou
#-----------------------------------------------------------
start_gui
open_project {I:/mis cosas/Pogramas/Practica_2/Practica_2.xpr}
INFO: [Project 1-313] Project file moved from 'D:/Pogramas/Practica_2' since last save.
Scanning sources...
Finished scanning sources
INFO: [IP_Flow 19-234] Refreshing IP repositories
INFO: [IP_Flow 19-1704] No user IP repositories specified
INFO: [IP_Flow 19-2313] Loaded Vivado IP repository 'C:/Xilinx/Vivado/2019.1/data/ip'.
open_project: Time (s): cpu = 00:00:14 ; elapsed = 00:00:07 . Memory (MB): peak = 701.246 ; gain = 85.867
exit
INFO: [Common 17-206] Exiting Vivado at Wed Oct  6 19:25:21 2021...
